/sim/synopsys64/icc/auxx/gui/dv/dv_setup.tcl
/sim/synopsys64/icc/auxx/gui/syn/snpsSynProcs.tcl
/sim/synopsys64/icc/auxx/tcllib/lib/tcl8.4/package.tcl
/sim/synopsys64/icc/auxx/gui/syn/layout/pkgIndex.tcl
/sim/synopsys64/icc/auxx/gui/common/view/pkgIndex.tcl
/sim/synopsys64/icc/auxx/gui/common/menus/pkgIndex.tcl
/sim/synopsys64/icc/auxx/gui/common/schematic/pkgIndex.tcl
/sim/synopsys64/icc/auxx/gui/common/misc/pkgIndex.tcl
/sim/synopsys64/icc/auxx/gui/common/select/pkgIndex.tcl
/sim/synopsys64/icc/auxx/gui/common/qtcl/pkgIndex.tcl
/sim/synopsys64/icc/auxx/gui/common/WindowFrameWork/pkgIndex.tcl
/sim/synopsys64/icc/auxx/gui/common/timing/pkgIndex.tcl
/sim/synopsys64/icc/auxx/gui/common/profiler/pkgIndex.tcl
/sim/synopsys64/icc/auxx/gui/common/table/pkgIndex.tcl
/sim/synopsys64/icc/auxx/gui/common/opdlg/pkgIndex.tcl
/sim/synopsys64/icc/auxx/gui/common/dialogs/pkgIndex.tcl
/sim/synopsys64/icc/auxx/gui/common/pathinspector/pkgIndex.tcl
/sim/synopsys64/icc/auxx/gui/common/docBrowser/pkgIndex.tcl
/sim/synopsys64/icc/auxx/gui/common/libviewer/pkgIndex.tcl
/sim/synopsys64/icc/auxx/gui/common/hierarchy/pkgIndex.tcl
/sim/synopsys64/icc/auxx/gui/common/strokes/pkgIndex.tcl
/sim/synopsys64/icc/auxx/gui/common/regressionToolkit/pkgIndex.tcl
/sim/synopsys64/icc/auxx/gui/common/tcl-dp/pkgIndex.tcl
/sim/synopsys64/icc/auxx/gui/common/histogram/pkgIndex.tcl
/sim/synopsys64/icc/auxx/gui/common/layout/pkgIndex.tcl
/sim/synopsys64/icc/auxx/gui/common/fanoutviewer/pkgIndex.tcl
/sim/synopsys64/icc/auxx/gui/common/setup/pkgIndex.tcl
/sim/synopsys64/icc/auxx/gui/common/highlight/pkgIndex.tcl
/sim/synopsys64/icc/auxx/tcllib/snps_tcl/snpsUtils/pkgIndex.tcl
/sim/synopsys64/icc/auxx/tcllib/snps_tcl/snpsTclPro/pkgIndex.tcl
/sim/synopsys64/icc/auxx/tcllib/snps_tcl/snpsTest/pkgIndex.tcl
/sim/synopsys64/icc/auxx/tcllib/snps_tcl/pkgIndex.tcl
/sim/synopsys64/icc/auxx/tcllib/lib/tcl8.4/http1.0/pkgIndex.tcl
/sim/synopsys64/icc/auxx/tcllib/lib/tcl8.4/dde/pkgIndex.tcl
/sim/synopsys64/icc/auxx/tcllib/lib/tcl8.4/msgcat/pkgIndex.tcl
/sim/synopsys64/icc/auxx/tcllib/lib/tcl8.4/tcltest/pkgIndex.tcl
/sim/synopsys64/icc/auxx/tcllib/lib/tcl8.4/reg/pkgIndex.tcl
/sim/synopsys64/icc/auxx/tcllib/lib/tcl8.4/http/pkgIndex.tcl
/sim/synopsys64/icc/auxx/tcllib/lib/tcl8.4/opt/pkgIndex.tcl
/sim/synopsys64/icc/auxx/gui/common/setup/snpsCommonSetup.tcl
/sim/synopsys64/icc/auxx/gui/common/setup/snpsCustomize.tcl
/sim/synopsys64/icc/auxx/gui/common/setup/snpsProcheck.tcl
/sim/synopsys64/icc/auxx/gui/common/qtcl/.synopsys_qtcl.tcl
/sim/synopsys64/icc/auxx/gui/common/highlight/highlight.tcl
/sim/synopsys64/icc/auxx/gui/common/misc/base.tcl
/sim/synopsys64/icc/auxx/gui/common/misc/timing.tcl
/sim/synopsys64/icc/auxx/gui/common/misc/setting.tcl
