 
****************************************
Report : area
Design : cam
Version: F-2011.09-SP2
Date   : Thu Oct  9 00:09:24 2014
****************************************

Library(s) Used:

    saed32rvt_tt1p05v25c (File: /proj/arcade/synopsys/SAED32_EDK/lib/stdcell_rvt/db_ccs/saed32rvt_tt1p05v25c.db)

Number of ports:                          118
Number of nets:                          3906
Number of cells:                         3602
Number of combinational cells:           2545
Number of sequential cells:              1056
Number of macros:                           0
Number of buf/inv:                        126
Number of references:                      30

Combinational area:       8709.006535
Noncombinational area:    6977.777893
Net Interconnect area:    2896.773581  

Total cell area:          15686.784428
Total area:               18583.558010
1
