Information: Propagating switching activity (low effort zero delay simulation). (PWR-6)
Warning: Design has unannotated primary inputs. (PWR-414)
Warning: Design has unannotated sequential cell outputs. (PWR-415)
 
****************************************
Report : power
        -analysis_effort low
Design : cam
Version: F-2011.09-SP2
Date   : Wed Oct  8 23:14:49 2014
****************************************


Library(s) Used:

    saed32rvt_tt1p05v25c (File: /proj/arcade/synopsys/SAED32_EDK/lib/stdcell_rvt/db_ccs/saed32rvt_tt1p05v25c.db)


Operating Conditions: tt1p05v25c   Library: saed32rvt_tt1p05v25c
Wire Load Model Mode: enclosed

Design        Wire Load Model            Library
------------------------------------------------
cam                    ForQA             saed32rvt_tt1p05v25c
mux                    8000              saed32rvt_tt1p05v25c


Global Operating Voltage = 1.05 
Power-specific unit information :
    Voltage Units = 1V
    Capacitance Units = 1.000000ff
    Time Units = 1ns
    Dynamic Power Units = 1uW    (derived from V,C,T units)
    Leakage Power Units = 1pW


  Cell Internal Power  =   0.0000 uW    (0%)
  Net Switching Power  = 192.2689 uW  (100%)
                         ---------
Total Dynamic Power    = 192.2689 uW  (100%)

Cell Leakage Power     = 398.1985 uW


                 Internal         Switching           Leakage            Total
Power Group      Power            Power               Power              Power   (   %    )  Attrs
--------------------------------------------------------------------------------------------------
io_pad             0.0000            0.0000            0.0000            0.0000  (   0.00%)
memory             0.0000            0.0000            0.0000            0.0000  (   0.00%)
black_box          0.0000            0.0000            0.0000            0.0000  (   0.00%)
clock_network      0.0000            0.0000            0.0000            0.0000  (   0.00%)
register           0.0000            6.1804        1.4871e+08          154.8897  (  26.23%)
sequential         0.0000            0.0000            0.0000            0.0000  (   0.00%)
combinational      0.0000          186.0879        2.4949e+08          435.5799  (  73.77%)
--------------------------------------------------------------------------------------------------
Total              0.0000 uW       192.2683 uW     3.9820e+08 pW       590.4695 uW
1
