 
****************************************
Report : reference
Design : cam
Version: F-2011.09-SP2
Date   : Thu Oct  9 00:09:24 2014
****************************************

Attributes:
    b - black box (unknown)
   bo - allows boundary optimization
    d - dont_touch
   mo - map_only
    h - hierarchical
    n - noncombinational
    r - removable
    s - synthetic operator
    u - contains unmapped logic

Reference          Library       Unit Area   Count    Total Area   Attributes
-----------------------------------------------------------------------------
AND2X1_RVT         saed32rvt_tt1p05v25c     2.033152      31    63.027715
AND2X2_RVT         saed32rvt_tt1p05v25c     2.287296       3     6.861888
AND3X1_RVT         saed32rvt_tt1p05v25c     2.287296       2     4.574592
AND4X1_RVT         saed32rvt_tt1p05v25c     2.541440      18    45.745920
AO21X1_RVT         saed32rvt_tt1p05v25c     2.541440      41   104.199040
AO22X1_RVT         saed32rvt_tt1p05v25c     2.541440    1090  2770.169611
AO221X1_RVT        saed32rvt_tt1p05v25c     3.049728       8    24.397823
AOI22X1_RVT        saed32rvt_tt1p05v25c     3.049728     422  1286.985181
DFFX1_RVT          saed32rvt_tt1p05v25c     6.607744    1056  6977.777893 n
IBUFFX8_RVT        saed32rvt_tt1p05v25c     4.320448      23    99.370302
INVX0_RVT          saed32rvt_tt1p05v25c     1.270720      11    13.977920
INVX1_RVT          saed32rvt_tt1p05v25c     1.270720      50    63.536000
MUX41X1_RVT        saed32rvt_tt1p05v25c     5.591168       1     5.591168
NAND2X0_RVT        saed32rvt_tt1p05v25c     1.524864      51    77.768062
NAND3X0_RVT        saed32rvt_tt1p05v25c     1.779008       7    12.453056
NAND4X0_RVT        saed32rvt_tt1p05v25c     2.033152     137   278.541838
NBUFFX2_RVT        saed32rvt_tt1p05v25c     2.033152       6    12.198913
NBUFFX4_RVT        saed32rvt_tt1p05v25c     2.541440      23    58.453120
NBUFFX8_RVT        saed32rvt_tt1p05v25c     3.812160       1     3.812160
NBUFFX16_RVT       saed32rvt_tt1p05v25c     6.099456      12    73.193470
NOR2X0_RVT         saed32rvt_tt1p05v25c     2.541440       2     5.082880
NOR2X1_RVT         saed32rvt_tt1p05v25c     2.541440       1     2.541440
NOR3X0_RVT         saed32rvt_tt1p05v25c     2.795584       1     2.795584
NOR4X1_RVT         saed32rvt_tt1p05v25c     3.049728      25    76.243198
OA22X1_RVT         saed32rvt_tt1p05v25c     2.541440       8    20.331520
OA221X1_RVT        saed32rvt_tt1p05v25c     3.049728     555  1692.598994
OAI22X1_RVT        saed32rvt_tt1p05v25c     3.049728       1     3.049728
OR2X1_RVT          saed32rvt_tt1p05v25c     2.033152       4     8.132608
OR4X1_RVT          saed32rvt_tt1p05v25c     3.558016      11    39.138177
mux                            1854.234626       1   1854.234626  h
-----------------------------------------------------------------------------
Total 30 references                                 15686.784428

****************************************
Design: mux 
****************************************
Reference          Library       Unit Area   Count    Total Area   Attributes
-----------------------------------------------------------------------------
AND2X1_RVT         saed32rvt_tt1p05v25c     2.033152      32    65.060867
AND3X1_RVT         saed32rvt_tt1p05v25c     2.287296       7    16.011072
AND4X1_RVT         saed32rvt_tt1p05v25c     2.541440       4    10.165760
AO22X1_RVT         saed32rvt_tt1p05v25c     2.541440     512  1301.217285
INVX1_RVT          saed32rvt_tt1p05v25c     1.270720       5     6.353600
NAND4X0_RVT        saed32rvt_tt1p05v25c     2.033152      32    65.060867
NOR4X1_RVT         saed32rvt_tt1p05v25c     3.049728     128   390.365173
-----------------------------------------------------------------------------
Total 7 references                                   1854.234626
1
