 
****************************************
Report : design
Design : cam
Version: I-2013.12-SP1
Date   : Thu Oct  9 14:15:19 2014
****************************************

Design allows ideal nets on clock nets.

Library(s) Used:

    tcbn65lptc_ccs (File: /vlsidl/dk/TSMC/tcbn65lp/TSMCHOME/digital/Front_End/timing_power_noise/CCS/tcbn65lp_200a/tcbn65lptc_ccs.db)

Local Link Library:

    {/vlsidl/dk/TSMC/tcbn65lp/TSMCHOME/digital/Front_End/timing_power_noise/CCS/tcbn65lp_200a/tcbn65lptc_ccs.db}

Flip-Flop Types:

    No flip-flop types specified.

Latch Types:

    No latch types specified.

Operating Conditions:


    Operating Condition Name : NCCOM
    Library : tcbn65lptc_ccs
    Process :   1.00
    Temperature :  25.00
    Voltage :   1.20
    Interconnect Model : balanced_tree

Wire Loading Model:

    Selected manually by the user.

Name           :   TSMC8K_Lowk_Conservative
Location       :   tcbn65lptc_ccs
Resistance     :   1e-05
Capacitance    :   1
Area           :   0
Slope          :   0.001
Fanout   Length   Points Average Cap Std Deviation
--------------------------------------------------------------
     1     0.00
     2     0.00
     3     0.00
     4     0.00
     5     0.01
     6     0.01
     7     0.01
     8     0.01
     9     0.01
    10     0.01



Wire Loading Model Mode: segmented.

Timing Ranges:

    No timing ranges specified.

Pin Input Delays:

    None specified.

Pin Output Delays:

    None specified.

Disabled Timing Arcs:

    No arcs disabled.

Required Licenses:

    None Required

Design Parameters:

    None specified.
1
