 
****************************************
Report : area
Design : cam
Version: I-2013.12-SP1
Date   : Thu Oct  9 14:15:05 2014
****************************************

Library(s) Used:

    tcbn65lptc_ccs (File: /vlsidl/dk/TSMC/tcbn65lp/TSMCHOME/digital/Front_End/timing_power_noise/CCS/tcbn65lp_200a/tcbn65lptc_ccs.db)

Number of ports:                          118
Number of nets:                          1291
Number of cells:                           58
Number of combinational cells:             22
Number of sequential cells:                 0
Number of macros/black boxes:               0
Number of buf/inv:                          0
Number of references:                      41

Combinational area:               9798.480213
Buf/Inv area:                     1132.920045
Noncombinational area:            7223.040161
Macro/Black Box area:                0.000000
Net Interconnect area:      undefined  (Wire load has zero net area)

Total cell area:                 17021.520374
Total area:                 undefined
1
