
****************************************
Report : library
Library: tcbn65gplustc_ccs
Version: I-2013.12-SP1
Date   : Thu Oct  9 00:00:58 2014
****************************************

Library Type            : Technology, PG pin Based
Tool Created            : B-2008.09
Date Created            : Wed Mar 17 03:23:40 CST 2010 
Library Version         : 200
Comments                : Copyright TSMC
Time Unit               : 1ns

Capacitive Load Unit    : 1.000000pf
Pulling Resistance Unit : 1kilo-ohm
Voltage Unit            : 1V
Current Unit            : 1mA
Dynamic Energy Unit     : 1.000000pJ   (derived from V,C units)
Leakage Power Unit      : 1nW
Bus Naming Style        : %s[%d] (default)

Operating Conditions:


    Operating Condition Name : NCCOM
    Library : tcbn65gplustc_ccs
    Process :   1.00
    Temperature :  25.00
    Voltage :   1.00
    Interconnect Model : balanced_tree

Input Voltages:

    Name                Vil         Vih         Vimin       Vimax
    -----------------------------------------------------------------
    cmos                0.300 * VDD 0.700 * VDD -0.50       VDD + 0.500
    cmos_schmitt        0.300 * VDD 0.700 * VDD -0.50       VDD + 0.500
    schmitt             0.300 * VDD 0.700 * VDD -0.50       VDD + 0.500
    ttl                 0.80        2.00        -0.50       VDD + 0.500
    ttl_schmitt         0.80        2.00        -0.50       VDD + 0.500
    pci                 0.80        2.00        -0.50       VDD + 0.500

Output Voltages:

    Name                Vol         Voh         Vomin       Vomax
    -----------------------------------------------------------------
    cmos                0.300 * VDD 0.700 * VDD -0.50       VDD + 0.500
    cmos_schmitt        0.300 * VDD 0.700 * VDD -0.50       VDD + 0.500
    schmitt             0.300 * VDD 0.700 * VDD -0.50       VDD + 0.500
    ttl                 0.80        2.00        -0.50       VDD + 0.500
    ttl_schmitt         0.80        2.00        -0.50       VDD + 0.500
    pci                 0.80        2.00        -0.50       VDD + 0.500

nom_voltage : 1
Voltage Map: Voltage Name   : Voltage Value
             COREVDD1         1
             COREGND1         0

Wire Loading Model:

Name           :   ZeroWireload
Location       :   tcbn65gplustc_ccs
Resistance     :   1e-05
Capacitance    :   1
Area           :   0
Slope          :   0
Fanout   Length   Points Average Cap Std Deviation
--------------------------------------------------------------
     1     0.00
     2     0.00
     3     0.00
     4     0.00
     5     0.00
     6     0.00
     7     0.00
     8     0.00
     9     0.00
    10     0.00
    11     0.00
    12     0.00
    13     0.00
    14     0.00
    15     0.00
    16     0.00
    17     0.00
    18     0.00
    19     0.00
    20     0.00

Name           :   TSMC8K_Lowk_Conservative
Location       :   tcbn65gplustc_ccs
Resistance     :   1e-05
Capacitance    :   1
Area           :   0
Slope          :   0.001
Fanout   Length   Points Average Cap Std Deviation
--------------------------------------------------------------
     1     0.00
     2     0.00
     3     0.00
     4     0.00
     5     0.01
     6     0.01
     7     0.01
     8     0.01
     9     0.01
    10     0.01

Name           :   TSMC16K_Lowk_Conservative
Location       :   tcbn65gplustc_ccs
Resistance     :   1e-05
Capacitance    :   1
Area           :   0
Slope          :   0.0011
Fanout   Length   Points Average Cap Std Deviation
--------------------------------------------------------------
     1     0.00
     2     0.00
     3     0.00
     4     0.00
     5     0.01
     6     0.01
     7     0.01
     8     0.01
     9     0.01
    10     0.01

Name           :   TSMC32K_Lowk_Conservative
Location       :   tcbn65gplustc_ccs
Resistance     :   1e-05
Capacitance    :   1
Area           :   0
Slope          :   0.0012
Fanout   Length   Points Average Cap Std Deviation
--------------------------------------------------------------
     1     0.00
     2     0.00
     3     0.00
     4     0.00
     5     0.01
     6     0.01
     7     0.01
     8     0.01
     9     0.01
    10     0.01

Name           :   TSMC64K_Lowk_Conservative
Location       :   tcbn65gplustc_ccs
Resistance     :   1e-05
Capacitance    :   1
Area           :   0
Slope          :   0.0015
Fanout   Length   Points Average Cap Std Deviation
--------------------------------------------------------------
     1     0.00
     2     0.00
     3     0.00
     4     0.01
     5     0.01
     6     0.01
     7     0.01
     8     0.01
     9     0.01
    10     0.01

Name           :   TSMC128K_Lowk_Conservative
Location       :   tcbn65gplustc_ccs
Resistance     :   1e-05
Capacitance    :   1
Area           :   0
Slope          :   0.002
Fanout   Length   Points Average Cap Std Deviation
--------------------------------------------------------------
     1     0.00
     2     0.00
     3     0.01
     4     0.01
     5     0.01
     6     0.01
     7     0.01
     8     0.02
     9     0.02
    10     0.02

Name           :   TSMC256K_Lowk_Conservative
Location       :   tcbn65gplustc_ccs
Resistance     :   1e-05
Capacitance    :   1
Area           :   0
Slope          :   0.003
Fanout   Length   Points Average Cap Std Deviation
--------------------------------------------------------------
     1     0.00
     2     0.00
     3     0.01
     4     0.01
     5     0.01
     6     0.02
     7     0.02
     8     0.03
     9     0.03
    10     0.03

Name           :   TSMC512K_Lowk_Conservative
Location       :   tcbn65gplustc_ccs
Resistance     :   1e-05
Capacitance    :   1
Area           :   0
Slope          :   0.0052
Fanout   Length   Points Average Cap Std Deviation
--------------------------------------------------------------
     1     0.00
     2     0.01
     3     0.01
     4     0.02
     5     0.02
     6     0.03
     7     0.04
     8     0.04
     9     0.05
    10     0.05

Name           :   TSMC8K_Lowk_Aggresive
Location       :   tcbn65gplustc_ccs
Resistance     :   1e-05
Capacitance    :   1
Area           :   0
Slope          :   0.0007
Fanout   Length   Points Average Cap Std Deviation
--------------------------------------------------------------
     1     0.00
     2     0.00
     3     0.00
     4     0.00
     5     0.00
     6     0.00
     7     0.01
     8     0.01
     9     0.01
    10     0.01

Name           :   TSMC16K_Lowk_Aggresive
Location       :   tcbn65gplustc_ccs
Resistance     :   1e-05
Capacitance    :   1
Area           :   0
Slope          :   0.0008
Fanout   Length   Points Average Cap Std Deviation
--------------------------------------------------------------
     1     0.00
     2     0.00
     3     0.00
     4     0.00
     5     0.00
     6     0.00
     7     0.01
     8     0.01
     9     0.01
    10     0.01

Name           :   TSMC32K_Lowk_Aggresive
Location       :   tcbn65gplustc_ccs
Resistance     :   1e-05
Capacitance    :   1
Area           :   0
Slope          :   0.0008
Fanout   Length   Points Average Cap Std Deviation
--------------------------------------------------------------
     1     0.00
     2     0.00
     3     0.00
     4     0.00
     5     0.00
     6     0.01
     7     0.01
     8     0.01
     9     0.01
    10     0.01

Name           :   TSMC64K_Lowk_Aggresive
Location       :   tcbn65gplustc_ccs
Resistance     :   1e-05
Capacitance    :   1
Area           :   0
Slope          :   0.0009
Fanout   Length   Points Average Cap Std Deviation
--------------------------------------------------------------
     1     0.00
     2     0.00
     3     0.00
     4     0.00
     5     0.00
     6     0.01
     7     0.01
     8     0.01
     9     0.01
    10     0.01

Name           :   TSMC128K_Lowk_Aggresive
Location       :   tcbn65gplustc_ccs
Resistance     :   1e-05
Capacitance    :   1
Area           :   0
Slope          :   0.0011
Fanout   Length   Points Average Cap Std Deviation
--------------------------------------------------------------
     1     0.00
     2     0.00
     3     0.00
     4     0.00
     5     0.01
     6     0.01
     7     0.01
     8     0.01
     9     0.01
    10     0.01

Name           :   TSMC256K_Lowk_Aggresive
Location       :   tcbn65gplustc_ccs
Resistance     :   1e-05
Capacitance    :   1
Area           :   0
Slope          :   0.0014
Fanout   Length   Points Average Cap Std Deviation
--------------------------------------------------------------
     1     0.00
     2     0.00
     3     0.00
     4     0.00
     5     0.01
     6     0.01
     7     0.01
     8     0.01
     9     0.01
    10     0.01

Name           :   TSMC512K_Lowk_Aggresive
Location       :   tcbn65gplustc_ccs
Resistance     :   1e-05
Capacitance    :   1
Area           :   0
Slope          :   0.0022
Fanout   Length   Points Average Cap Std Deviation
--------------------------------------------------------------
     1     0.00
     2     0.00
     3     0.00
     4     0.01
     5     0.01
     6     0.01
     7     0.01
     8     0.02
     9     0.02
    10     0.02


Wire Loading Model Selection Group:

   Name           : WireAreaForZero

        Selection             Wire load name
    min area   max area
   -------------------------------------------
        0.00   1096634.00        ZeroWireload

Wire Loading Model Selection Group:

   Name           : WireAreaLowkCon

        Selection             Wire load name
    min area   max area
   -------------------------------------------
        0.00   17134.00          TSMC8K_Lowk_Conservative
    17134.00   38552.00          TSMC16K_Lowk_Conservative
    38552.00   80438.00          TSMC32K_Lowk_Conservative
    80438.00   154213.00         TSMC64K_Lowk_Conservative
    154213.00  274158.00         TSMC128K_Lowk_Conservative
    274158.00  548317.00         TSMC256K_Lowk_Conservative
    548317.00  1096634.00        TSMC512K_Lowk_Conservative

Wire Loading Model Selection Group:

   Name           : WireAreaLowkAgr

        Selection             Wire load name
    min area   max area
   -------------------------------------------
        0.00   17134.00          TSMC8K_Lowk_Aggresive
    17134.00   38552.00          TSMC16K_Lowk_Aggresive
    38552.00   80438.00          TSMC32K_Lowk_Aggresive
    80438.00   154213.00         TSMC64K_Lowk_Aggresive
    154213.00  274158.00         TSMC128K_Lowk_Aggresive
    274158.00  548317.00         TSMC256K_Lowk_Aggresive
    548317.00  1096634.00        TSMC512K_Lowk_Aggresive


Wire Loading Model Mode: segmented.


Wire Loading Model Selection Group: WireAreaForZero.

Porosity information:

    No porosity information specified.

In_place optimization mode:  match_footprint

Timing Ranges:

    No timing ranges specified.


Delay Threshold Trip-Points:

	input_threshold_pct_rise:	50
	output_threshold_pct_rise:	50
	input_threshold_pct_fall:	50
	output_threshold_pct_fall:	50


Slew Threshold Trip-Points:

	slew_lower_threshold_pct_rise:	30
	slew_upper_threshold_pct_rise:	70
	slew_lower_threshold_pct_fall:	30
	slew_upper_threshold_pct_fall:	70

	slew_derate_from_library:	0.5


Components:

    Attributes:
       af - active falling
       ah - active high
       al - active low
       ar - active rising
        b - black box (function unknown)
       ce - clock enable
       cg - clock gating integrated cell
      ftc - feed through cell
       ub - unbuffered
      pgt - pass gate
      ctl - has CTL test model
        d - dont_touch
      iso - isolation cell
  clk_iso - clock isolation cell
       ls - level shifter
      dls - differential level shifter
       mo - map_only
     1p0g - power only, no ground
     0p1g - ground only, no power
     0p0g - no power/ground
        p - preferred
      pad - pad cell
       hp - hold_preferred
     pwrg - power gating cell
        r - removable
        s - statetable
      sa0 - dont_fault stuck-at-0
      sa1 - dont_fault stuck-at-1
     sa01 - dont_fault both stuck-at-0 and stuck-at-1
       sz - use_for_size_only
      soi - silicon on insulator
        t - test cell. t(scan_type) as
          t(mux_ff) - muxed flip-flop
          t(mux_ld) - muxed latch
          t(clk_scan) - clocked scan
          t(clk_scan_ld) - clocked scan latch
          t(lssd_dld) - double latch LSSD
          t(lssd_sld) - single latch LSSD
          t(lssd_clk) - clocked LSSD
          t(lssd_auxclk) - auxiliary clock LSSD
          t(lssd_se) - scan enabled LSSD
        u - dont_use
      udp - usable for datapath generators
      ufc - user_function_class. ufc(type) as
          ufc(u) - user-defined
          ufc(a) - automatically generated
      imc - macro cell 
switch_cg - switch cell (coarse grain)
      ret - retention cell
       ao - always on cell
     gicg - generic integrated clock gating
       va - variation-aware ccs timing modeling
      val - variation-aware ccs leakage power modeling
      fil - filler cell
      tap - tap cell
    decap - decap cell
      pll - pll cell
      mem - memory cell
      adt - antenna diode type. adt(type) as
          adt(pg) - power_and_ground
          adt(p) - power
          adt(g) - ground


Pin Attributes:
       ao - always on pin
      lse - level shifter enable pin
     isoe - isolation cell enable pin
     scmr - standard cell main rail
      ftp - feed through pin


   Cell                Footprint    Attributes
   -------------------------------------------
   AN2D0               "an2d1"          
   AN2D1               "an2d1"          
   AN2D2               "an2d1"          
   AN2D4               "an2d1"          
   AN2D8               "an2d1"          
   AN2XD1              "an2d1"          
   AN3D0               "an3d1"          
   AN3D1               "an3d1"          
   AN3D2               "an3d1"          
   AN3D4               "an3d1"          
   AN3D8               "an3d1"          
   AN3XD1              "an3d1"          
   AN4D0               "an4d1"          
   AN4D1               "an4d1"          
   AN4D2               "an4d1"          
   AN4D4               "an4d1"          
   AN4D8               "an4d1"          
   AN4XD1              "an4d1"          
   ANTENNA                              b
   AO21D0              "ao21d1"         
   AO21D1              "ao21d1"         
   AO21D2              "ao21d1"         
   AO21D4              "ao21d1"         
   AO22D0              "ao22d1"         
   AO22D1              "ao22d1"         
   AO22D2              "ao22d1"         
   AO22D4              "ao22d1"         
   AO31D0              "ao31d1"         
   AO31D1              "ao31d1"         
   AO31D2              "ao31d1"         
   AO31D4              "ao31d1"         
   AO32D0              "ao32d1"         
   AO32D1              "ao32d1"         
   AO32D2              "ao32d1"         
   AO32D4              "ao32d1"         
   AO33D0              "ao33d1"         
   AO33D1              "ao33d1"         
   AO33D2              "ao33d1"         
   AO33D4              "ao33d1"         
   AO211D0             "ao211d1"        
   AO211D1             "ao211d1"        
   AO211D2             "ao211d1"        
   AO211D4             "ao211d1"        
   AO221D0             "ao221d1"        
   AO221D1             "ao221d1"        
   AO221D2             "ao221d1"        
   AO221D4             "ao221d1"        
   AO222D0             "ao222d1"        
   AO222D1             "ao222d1"        
   AO222D2             "ao222d1"        
   AO222D4             "ao222d1"        
   AOI21D0             "aoi21d1"        
   AOI21D1             "aoi21d1"        
   AOI21D2             "aoi21d1"        
   AOI21D4             "aoi21d1"        
   AOI22D0             "aoi22d1"        
   AOI22D1             "aoi22d1"        
   AOI22D2             "aoi22d1"        
   AOI22D4             "aoi22d1"        
   AOI31D0             "aoi31d1"        
   AOI31D1             "aoi31d1"        
   AOI31D2             "aoi31d1"        
   AOI31D4             "aoi31d1"        
   AOI32D0             "aoi32d1"        
   AOI32D1             "aoi32d1"        
   AOI32D2             "aoi32d1"        
   AOI32D4             "aoi32d1"        
   AOI32XD4            "aoi32d1"        
   AOI33D0             "aoi33d1"        
   AOI33D1             "aoi33d1"        
   AOI33D2             "aoi33d1"        
   AOI33D4             "aoi33d1"        
   AOI33XD4            "aoi33d1"        
   AOI211D0            "aoi211d1"       
   AOI211D1            "aoi211d1"       
   AOI211D2            "aoi211d1"       
   AOI211D4            "aoi211d1"       
   AOI211XD0           "aoi211d1"       
   AOI211XD1           "aoi211d1"       
   AOI211XD2           "aoi211d1"       
   AOI211XD4           "aoi211d1"       
   AOI221D0            "aoi221d1"       
   AOI221D1            "aoi221d1"       
   AOI221D2            "aoi221d1"       
   AOI221D4            "aoi221d1"       
   AOI221XD4           "aoi221d1"       
   AOI222D0            "aoi222d1"       
   AOI222D1            "aoi222d1"       
   AOI222D2            "aoi222d1"       
   AOI222D4            "aoi222d1"       
   AOI222XD4           "aoi222d1"       
   BENCD1              "bencd1"         r
   BENCD2              "bencd1"         r
   BENCD4              "bencd1"         r
   BHD                                  b, d, u
   BMLD1               "bmld1"          
   BMLD2               "bmld1"          
   BMLD4               "bmld1"          
   BUFFD0              "buffd1"         
   BUFFD1              "buffd1"         
   BUFFD2              "buffd1"         
   BUFFD3              "buffd1"         
   BUFFD4              "buffd1"         
   BUFFD6              "buffd1"         
   BUFFD8              "buffd1"         
   BUFFD12             "buffd1"         
   BUFFD16             "buffd1"         
   BUFFD20             "buffd1"         d, u
   BUFFD24             "buffd1"         d, u
   BUFTD0              "buftd1"         
   BUFTD1              "buftd1"         
   BUFTD2              "buftd1"         
   BUFTD3              "buftd1"         
   BUFTD4              "buftd1"         
   BUFTD6              "buftd1"         
   BUFTD8              "buftd1"         
   BUFTD12             "buftd1"         
   BUFTD16             "buftd1"         
   BUFTD20             "buftd1"         d, u
   BUFTD24             "buftd1"         d, u
   CKAN2D0             "ckan2d1"        
   CKAN2D1             "ckan2d1"        
   CKAN2D2             "ckan2d1"        
   CKAN2D4             "ckan2d1"        
   CKAN2D8             "ckan2d1"        
   CKBD0               "ckbd1"          
   CKBD1               "ckbd1"          
   CKBD2               "ckbd1"          
   CKBD3               "ckbd1"          
   CKBD4               "ckbd1"          
   CKBD6               "ckbd1"          
   CKBD8               "ckbd1"          
   CKBD12              "ckbd1"          
   CKBD16              "ckbd1"          
   CKBD20              "ckbd1"          d, u
   CKBD24              "ckbd1"          d, u
   CKLHQD1             "cklhqd1"        b, s, cg
   CKLHQD2             "cklhqd1"        b, s, cg
   CKLHQD3             "cklhqd1"        b, s, cg
   CKLHQD4             "cklhqd1"        b, s, cg
   CKLHQD6             "cklhqd1"        b, s, cg
   CKLHQD8             "cklhqd1"        b, s, cg
   CKLHQD12            "cklhqd1"        b, s, cg
   CKLHQD16            "cklhqd1"        b, s, cg
   CKLHQD20            "cklhqd1"        b, d, s, u, cg
   CKLHQD24            "cklhqd1"        b, d, s, u, cg
   CKLNQD1             "cklnqd1"        b, s, cg
   CKLNQD2             "cklnqd1"        b, s, cg
   CKLNQD3             "cklnqd1"        b, s, cg
   CKLNQD4             "cklnqd1"        b, s, cg
   CKLNQD6             "cklnqd1"        b, s, cg
   CKLNQD8             "cklnqd1"        b, s, cg
   CKLNQD12            "cklnqd1"        b, s, cg
   CKLNQD16            "cklnqd1"        b, s, cg
   CKLNQD20            "cklnqd1"        b, d, s, u, cg
   CKLNQD24            "cklnqd1"        b, d, s, u, cg
   CKMUX2D0            "ckmux2d1"       
   CKMUX2D1            "ckmux2d1"       
   CKMUX2D2            "ckmux2d1"       
   CKMUX2D4            "ckmux2d1"       
   CKND0               "cknd1"          
   CKND1               "cknd1"          
   CKND2               "cknd1"          
   CKND2D0             "cknd2d1"        
   CKND2D1             "cknd2d1"        
   CKND2D2             "cknd2d1"        
   CKND2D3             "cknd2d1"        
   CKND2D4             "cknd2d1"        
   CKND2D8             "cknd2d1"        
   CKND3               "cknd1"          
   CKND4               "cknd1"          
   CKND6               "cknd1"          
   CKND8               "cknd1"          
   CKND12              "cknd1"          
   CKND16              "cknd1"          
   CKND20              "cknd1"          d, u
   CKND24              "cknd1"          d, u
   CKXOR2D0            "ckxor2d1"       
   CKXOR2D1            "ckxor2d1"       
   CKXOR2D2            "ckxor2d1"       
   CKXOR2D4            "ckxor2d1"       
   CMPE42D1            "cmpe42d1"       r, udp
   CMPE42D2            "cmpe42d1"       r, udp
   DCAP                                 b
   DCAP4                                b
   DCAP8                                b
   DCAP16                               b
   DCAP32                               b
   DCAP64                               b
   DEL0                "del1"           
   DEL1                "del1"           
   DEL01               "del1"           
   DEL2                "del1"           
   DEL02               "del1"           
   DEL3                "del1"           
   DEL4                "del1"           
   DEL005              "del1"           
   DEL015              "del1"           
   DFCND1              "dfcnd1"         s
   DFCND2              "dfcnd1"         s
   DFCND4              "dfcnd1"         s
   DFCNQD1             "dfcnqd1"        s
   DFCNQD2             "dfcnqd1"        s
   DFCNQD4             "dfcnqd1"        s
   DFCSND1             "dfcsnd1"        s
   DFCSND2             "dfcsnd1"        s
   DFCSND4             "dfcsnd1"        s
   DFCSNQD1            "dfcsnqd1"       s
   DFCSNQD2            "dfcsnqd1"       s
   DFCSNQD4            "dfcsnqd1"       s
   DFD1                "dfd1"           s
   DFD2                "dfd1"           s
   DFD4                "dfd1"           s
   DFKCND1             "dfkcnd1"        s
   DFKCND2             "dfkcnd1"        s
   DFKCND4             "dfkcnd1"        s
   DFKCNQD1            "dfkcnqd1"       s
   DFKCNQD2            "dfkcnqd1"       s
   DFKCNQD4            "dfkcnqd1"       s
   DFKCSND1            "dfkcsnd1"       s
   DFKCSND2            "dfkcsnd1"       s
   DFKCSND4            "dfkcsnd1"       s
   DFKSND1             "dfksnd1"        s
   DFKSND2             "dfksnd1"        s
   DFKSND4             "dfksnd1"        s
   DFNCND1             "dfncnd1"        s
   DFNCND2             "dfncnd1"        s
   DFNCND4             "dfncnd1"        s
   DFNCSND1            "dfncsnd1"       s
   DFNCSND2            "dfncsnd1"       s
   DFNCSND4            "dfncsnd1"       s
   DFND1               "dfnd1"          s
   DFND2               "dfnd1"          s
   DFND4               "dfnd1"          s
   DFNSND1             "dfnsnd1"        s
   DFNSND2             "dfnsnd1"        s
   DFNSND4             "dfnsnd1"        s
   DFQD1               "dfqd1"          s
   DFQD2               "dfqd1"          s
   DFQD4               "dfqd1"          s
   DFSND1              "dfsnd1"         s
   DFSND2              "dfsnd1"         s
   DFSND4              "dfsnd1"         s
   DFSNQD1             "dfsnqd1"        s
   DFSNQD2             "dfsnqd1"        s
   DFSNQD4             "dfsnqd1"        s
   DFXD1               "dfxd1"          s
   DFXD2               "dfxd1"          s
   DFXD4               "dfxd1"          s
   DFXQD1              "dfxqd1"         s
   DFXQD2              "dfxqd1"         s
   DFXQD4              "dfxqd1"         s
   EDFCND1             "edfcnd1"        s
   EDFCND2             "edfcnd1"        s
   EDFCND4             "edfcnd1"        s
   EDFCNQD1            "edfcnqd1"       s
   EDFCNQD2            "edfcnqd1"       s
   EDFCNQD4            "edfcnqd1"       s
   EDFD1               "edfd1"          s
   EDFD2               "edfd1"          s
   EDFD4               "edfd1"          s
   EDFKCND1            "edfkcnd1"       s
   EDFKCND2            "edfkcnd1"       s
   EDFKCND4            "edfkcnd1"       s
   EDFKCNQD1           "edfkcnqd1"      s
   EDFKCNQD2           "edfkcnqd1"      s
   EDFKCNQD4           "edfkcnqd1"      s
   EDFQD1              "edfqd1"         s
   EDFQD2              "edfqd1"         s
   EDFQD4              "edfqd1"         s
   FA1D0               "fa1d1"          r
   FA1D1               "fa1d1"          r
   FA1D2               "fa1d1"          r
   FA1D4               "fa1d1"          r
   FCICIND1            "fcicind1"       
   FCICIND2            "fcicind1"       
   FCICOND1            "fcicond1"       
   FCICOND2            "fcicond1"       
   FCSICIND1           "fcsicind1"      r
   FCSICIND2           "fcsicind1"      r
   FCSICOND1           "fcsicond1"      r, udp
   FCSICOND2           "fcsicond1"      r, udp
   FICIND1             "ficind1"        r, udp
   FICIND2             "ficind1"        r, udp
   FICOND1             "ficond1"        r
   FICOND2             "ficond1"        r
   FIICOND1            "fiicond1"       r, udp
   FIICOND2            "fiicond1"       r, udp
   GAN2D1              "an2d1"          d, u
   GAN2D2              "an2d1"          d, u
   GAOI21D1            "aoi21d1"        d, u
   GAOI21D2            "aoi21d1"        d, u
   GAOI22D1            "aoi22d1"        d, u
   GBUFFD1             "buffd1"         d, u
   GBUFFD2             "buffd1"         d, u
   GBUFFD3             "buffd1"         d, u
   GBUFFD4             "buffd1"         d, u
   GBUFFD8             "buffd1"         d, u
   GDCAP                                b, d, u
   GDCAP2                               b, d, u
   GDCAP3                               b, d, u
   GDCAP4                               b, d, u
   GDCAP10                              b, d, u
   GDFCNQD1            "dfcnqd1"        d, s, u
   GDFQD1              "dfqd1"          d, s, u
   GFILL                                b, d, u
   GFILL2                               b, d, u
   GFILL3                               b, d, u
   GFILL4                               b, d, u
   GFILL10                              b, d, u
   GINVD1              "invd1"          d, u
   GINVD2              "invd1"          d, u
   GINVD3              "invd1"          d, u
   GINVD4              "invd1"          d, u
   GINVD8              "invd1"          d, u
   GMUX2D1             "mux2d1"         d, u
   GMUX2D2             "mux2d1"         d, u
   GMUX2ND1            "mux2nd1"        d, u
   GMUX2ND2            "mux2nd1"        d, u
   GND2D1              "nd2d1"          d, u
   GND2D2              "nd2d1"          d, u
   GND2D3              "nd2d1"          d, u
   GND2D4              "nd2d1"          d, u
   GND3D1              "nd3d1"          d, u
   GND3D2              "nd3d1"          d, u
   GNR2D1              "nr2d1"          d, u
   GNR2D2              "nr2d1"          d, u
   GNR3D1              "nr3d1"          d, u
   GNR3D2              "nr3d1"          d, u
   GOAI21D1            "oai21d1"        d, u
   GOAI21D2            "oai21d1"        d, u
   GOR2D1              "or2d1"          d, u
   GOR2D2              "or2d1"          d, u
   GSDFCNQD1           "sdfcnqd1"       d, s, u, t(mux_ff)
   GTIEH               "TIEH"           d, u
   GTIEL               "TIEL"           d, u
   GXNR2D1             "xnr2d1"         d, u
   GXNR2D2             "xnr2d1"         d, u
   GXOR2D1             "xor2d1"         d, u
   GXOR2D2             "xor2d1"         d, u
   HA1D0               "ha1d1"          r
   HA1D1               "ha1d1"          r
   HA1D2               "ha1d1"          r
   HA1D4               "ha1d1"          r
   HCOSCIND1           "hcoscind1"      r, udp
   HCOSCIND2           "hcoscind1"      r, udp
   HCOSCOND1           "hcoscond1"      r, udp
   HCOSCOND2           "hcoscond1"      r, udp
   HICIND1             "hicind1"        r, udp
   HICIND2             "hicind1"        r, udp
   HICOND1             "hicond1"        r
   HICOND2             "hicond1"        r
   IAO21D0             "iao21d1"        
   IAO21D1             "iao21d1"        
   IAO21D2             "iao21d1"        
   IAO21D4             "iao21d1"        
   IAO22D0             "iao22d1"        
   IAO22D1             "iao22d1"        
   IAO22D2             "iao22d1"        
   IAO22D4             "iao22d1"        
   IIND4D0             "iind4d1"        
   IIND4D1             "iind4d1"        
   IIND4D2             "iind4d1"        
   IIND4D4             "iind4d1"        
   IINR4D0             "iinr4d1"        
   IINR4D1             "iinr4d1"        
   IINR4D2             "iinr4d1"        
   IINR4D4             "iinr4d1"        
   IND2D0              "ind2d1"         
   IND2D1              "ind2d1"         
   IND2D2              "ind2d1"         
   IND2D4              "ind2d1"         
   IND3D0              "ind3d1"         
   IND3D1              "ind3d1"         
   IND3D2              "ind3d1"         
   IND3D4              "ind3d1"         
   IND4D0              "ind4d1"         
   IND4D1              "ind4d1"         
   IND4D2              "ind4d1"         
   IND4D4              "ind4d1"         
   INR2D0              "inr2d1"         
   INR2D1              "inr2d1"         
   INR2D2              "inr2d1"         
   INR2D4              "inr2d1"         
   INR2XD0             "inr2d1"         
   INR2XD1             "inr2d1"         
   INR2XD2             "inr2d1"         
   INR2XD4             "inr2d1"         
   INR3D0              "inr3d1"         
   INR3D1              "inr3d1"         
   INR3D2              "inr3d1"         
   INR3D4              "inr3d1"         
   INR4D0              "inr4d1"         
   INR4D1              "inr4d1"         
   INR4D2              "inr4d1"         
   INR4D4              "inr4d1"         
   INVD0               "invd1"          
   INVD1               "invd1"          
   INVD2               "invd1"          
   INVD3               "invd1"          
   INVD4               "invd1"          
   INVD6               "invd1"          
   INVD8               "invd1"          
   INVD12              "invd1"          
   INVD16              "invd1"          
   INVD20              "invd1"          d, u
   INVD24              "invd1"          d, u
   IOA21D0             "ioa21d1"        
   IOA21D1             "ioa21d1"        
   IOA21D2             "ioa21d1"        
   IOA21D4             "ioa21d1"        
   IOA22D0             "ioa22d1"        
   IOA22D1             "ioa22d1"        
   IOA22D2             "ioa22d1"        
   IOA22D4             "ioa22d1"        
   LHCND1              "lhcnd1"         s
   LHCND2              "lhcnd1"         s
   LHCND4              "lhcnd1"         s
   LHCNDD1             "lhcnd1"         s
   LHCNDD2             "lhcnd1"         s
   LHCNDD4             "lhcnd1"         s
   LHCNDQD1            "lhcnqd1"        s
   LHCNDQD2            "lhcnqd1"        s
   LHCNDQD4            "lhcnqd1"        s
   LHCNQD1             "lhcnqd1"        s
   LHCNQD2             "lhcnqd1"        s
   LHCNQD4             "lhcnqd1"        s
   LHCSND1             "lhcsnd1"        s
   LHCSND2             "lhcsnd1"        s
   LHCSND4             "lhcsnd1"        s
   LHCSNDD1            "lhcsnd1"        s
   LHCSNDD2            "lhcsnd1"        s
   LHCSNDD4            "lhcsnd1"        s
   LHCSNDQD1           "lhcsnqd1"       s
   LHCSNDQD2           "lhcsnqd1"       s
   LHCSNDQD4           "lhcsnqd1"       s
   LHCSNQD1            "lhcsnqd1"       s
   LHCSNQD2            "lhcsnqd1"       s
   LHCSNQD4            "lhcsnqd1"       s
   LHD1                "lhd1"           s
   LHD2                "lhd1"           s
   LHD4                "lhd1"           s
   LHQD1               "lhqd1"          s
   LHQD2               "lhqd1"          s
   LHQD4               "lhqd1"          s
   LHSND1              "lhsnd1"         s
   LHSND2              "lhsnd1"         s
   LHSND4              "lhsnd1"         s
   LHSNDD1             "lhsnd1"         s
   LHSNDD2             "lhsnd1"         s
   LHSNDD4             "lhsnd1"         s
   LHSNDQD1            "lhsnqd1"        s
   LHSNDQD2            "lhsnqd1"        s
   LHSNDQD4            "lhsnqd1"        s
   LHSNQD1             "lhsnqd1"        s
   LHSNQD2             "lhsnqd1"        s
   LHSNQD4             "lhsnqd1"        s
   LNCND1              "lncnd1"         s
   LNCND2              "lncnd1"         s
   LNCND4              "lncnd1"         s
   LNCNDD1             "lncnd1"         s
   LNCNDD2             "lncnd1"         s
   LNCNDD4             "lncnd1"         s
   LNCNDQD1            "lncnqd1"        s
   LNCNDQD2            "lncnqd1"        s
   LNCNDQD4            "lncnqd1"        s
   LNCNQD1             "lncnqd1"        s
   LNCNQD2             "lncnqd1"        s
   LNCNQD4             "lncnqd1"        s
   LNCSND1             "lncsnd1"        s
   LNCSND2             "lncsnd1"        s
   LNCSND4             "lncsnd1"        s
   LNCSNDD1            "lncsnd1"        s
   LNCSNDD2            "lncsnd1"        s
   LNCSNDD4            "lncsnd1"        s
   LNCSNDQD1           "lncsnqd1"       s
   LNCSNDQD2           "lncsnqd1"       s
   LNCSNDQD4           "lncsnqd1"       s
   LNCSNQD1            "lncsnqd1"       s
   LNCSNQD2            "lncsnqd1"       s
   LNCSNQD4            "lncsnqd1"       s
   LND1                "lnd1"           s
   LND2                "lnd1"           s
   LND4                "lnd1"           s
   LNQD1               "lnqd1"          s
   LNQD2               "lnqd1"          s
   LNQD4               "lnqd1"          s
   LNSND1              "lnsnd1"         s
   LNSND2              "lnsnd1"         s
   LNSND4              "lnsnd1"         s
   LNSNDD1             "lnsnd1"         s
   LNSNDD2             "lnsnd1"         s
   LNSNDD4             "lnsnd1"         s
   LNSNDQD1            "lnsnqd1"        s
   LNSNDQD2            "lnsnqd1"        s
   LNSNDQD4            "lnsnqd1"        s
   LNSNQD1             "lnsnqd1"        s
   LNSNQD2             "lnsnqd1"        s
   LNSNQD4             "lnsnqd1"        s
   MAOI22D0            "maoi22d1"       
   MAOI22D1            "maoi22d1"       
   MAOI22D2            "maoi22d1"       
   MAOI22D4            "maoi22d1"       
   MAOI222D0           "maoi222d1"      
   MAOI222D1           "maoi222d1"      
   MAOI222D2           "maoi222d1"      
   MAOI222D4           "maoi222d1"      
   MOAI22D0            "moai22d1"       
   MOAI22D1            "moai22d1"       
   MOAI22D2            "moai22d1"       
   MOAI22D4            "moai22d1"       
   MUX2D0              "mux2d1"         
   MUX2D1              "mux2d1"         
   MUX2D2              "mux2d1"         
   MUX2D4              "mux2d1"         
   MUX2ND0             "mux2nd1"        
   MUX2ND1             "mux2nd1"        
   MUX2ND2             "mux2nd1"        
   MUX2ND4             "mux2nd1"        
   MUX3D0              "mux3d1"         
   MUX3D1              "mux3d1"         
   MUX3D2              "mux3d1"         
   MUX3D4              "mux3d1"         
   MUX3ND0             "mux3nd1"        
   MUX3ND1             "mux3nd1"        
   MUX3ND2             "mux3nd1"        
   MUX3ND4             "mux3nd1"        
   MUX4D0              "mux4d1"         
   MUX4D1              "mux4d1"         
   MUX4D2              "mux4d1"         
   MUX4D4              "mux4d1"         
   MUX4ND0             "mux4nd1"        
   MUX4ND1             "mux4nd1"        
   MUX4ND2             "mux4nd1"        
   MUX4ND4             "mux4nd1"        
   ND2D0               "nd2d1"          
   ND2D1               "nd2d1"          
   ND2D2               "nd2d1"          
   ND2D3               "nd2d1"          
   ND2D4               "nd2d1"          
   ND2D8               "nd2d1"          
   ND3D0               "nd3d1"          
   ND3D1               "nd3d1"          
   ND3D2               "nd3d1"          
   ND3D3               "nd3d1"          
   ND3D4               "nd3d1"          
   ND3D8               "nd3d1"          
   ND4D0               "nd4d1"          
   ND4D1               "nd4d1"          
   ND4D2               "nd4d1"          
   ND4D3               "nd4d1"          
   ND4D4               "nd4d1"          
   ND4D8               "nd4d1"          
   NR2D0               "nr2d1"          
   NR2D1               "nr2d1"          
   NR2D2               "nr2d1"          
   NR2D3               "nr2d1"          
   NR2D4               "nr2d1"          
   NR2D8               "nr2d1"          
   NR2XD0              "nr2d1"          
   NR2XD1              "nr2d1"          
   NR2XD2              "nr2d1"          
   NR2XD3              "nr2d1"          
   NR2XD4              "nr2d1"          
   NR2XD8              "nr2d1"          
   NR3D0               "nr3d1"          
   NR3D1               "nr3d1"          
   NR3D2               "nr3d1"          
   NR3D3               "nr3d1"          
   NR3D4               "nr3d1"          
   NR3D8               "nr3d1"          
   NR4D0               "nr4d1"          
   NR4D1               "nr4d1"          
   NR4D2               "nr4d1"          
   NR4D3               "nr4d1"          
   NR4D4               "nr4d1"          
   NR4D8               "nr4d1"          
   OA21D0              "oa21d1"         
   OA21D1              "oa21d1"         
   OA21D2              "oa21d1"         
   OA21D4              "oa21d1"         
   OA22D0              "oa22d1"         
   OA22D1              "oa22d1"         
   OA22D2              "oa22d1"         
   OA22D4              "oa22d1"         
   OA31D0              "oa31d1"         
   OA31D1              "oa31d1"         
   OA31D2              "oa31d1"         
   OA31D4              "oa31d1"         
   OA32D0              "oa32d1"         
   OA32D1              "oa32d1"         
   OA32D2              "oa32d1"         
   OA32D4              "oa32d1"         
   OA33D0              "oa33d1"         
   OA33D1              "oa33d1"         
   OA33D2              "oa33d1"         
   OA33D4              "oa33d1"         
   OA211D0             "oa211d1"        
   OA211D1             "oa211d1"        
   OA211D2             "oa211d1"        
   OA211D4             "oa211d1"        
   OA221D0             "oa221d1"        
   OA221D1             "oa221d1"        
   OA221D2             "oa221d1"        
   OA221D4             "oa221d1"        
   OA222D0             "oa222d1"        
   OA222D1             "oa222d1"        
   OA222D2             "oa222d1"        
   OA222D4             "oa222d1"        
   OAI21D0             "oai21d1"        
   OAI21D1             "oai21d1"        
   OAI21D2             "oai21d1"        
   OAI21D4             "oai21d1"        
   OAI22D0             "oai22d1"        
   OAI22D1             "oai22d1"        
   OAI22D2             "oai22d1"        
   OAI22D4             "oai22d1"        
   OAI31D0             "oai31d1"        
   OAI31D1             "oai31d1"        
   OAI31D2             "oai31d1"        
   OAI31D4             "oai31d1"        
   OAI32D0             "oai32d1"        
   OAI32D1             "oai32d1"        
   OAI32D2             "oai32d1"        
   OAI32D4             "oai32d1"        
   OAI32XD4            "oai32d1"        
   OAI33D0             "oai33d1"        
   OAI33D1             "oai33d1"        
   OAI33D2             "oai33d1"        
   OAI33D4             "oai33d1"        
   OAI33XD4            "oai33d1"        
   OAI211D0            "oai211d1"       
   OAI211D1            "oai211d1"       
   OAI211D2            "oai211d1"       
   OAI211D4            "oai211d1"       
   OAI221D0            "oai221d1"       
   OAI221D1            "oai221d1"       
   OAI221D2            "oai221d1"       
   OAI221D4            "oai221d1"       
   OAI221XD4           "oai221d1"       
   OAI222D0            "oai222d1"       
   OAI222D1            "oai222d1"       
   OAI222D2            "oai222d1"       
   OAI222D4            "oai222d1"       
   OAI222XD4           "oai222d1"       
   OD18DCAP16                           b
   OD18DCAP32                           b
   OD18DCAP64                           b
   OR2D0               "or2d1"          
   OR2D1               "or2d1"          
   OR2D2               "or2d1"          
   OR2D4               "or2d1"          
   OR2D8               "or2d1"          
   OR2XD1              "or2d1"          
   OR3D0               "or3d1"          
   OR3D1               "or3d1"          
   OR3D2               "or3d1"          
   OR3D4               "or3d1"          
   OR3D8               "or3d1"          
   OR3XD1              "or3d1"          
   OR4D0               "or4d1"          
   OR4D1               "or4d1"          
   OR4D2               "or4d1"          
   OR4D4               "or4d1"          
   OR4D8               "or4d1"          
   OR4XD1              "or4d1"          
   SDFCND0             "sdfcnd1"        s, t(mux_ff)
   SDFCND1             "sdfcnd1"        s, t(mux_ff)
   SDFCND2             "sdfcnd1"        s, t(mux_ff)
   SDFCND4             "sdfcnd1"        s, t(mux_ff)
   SDFCNQD0            "sdfcnqd1"       s, t(mux_ff)
   SDFCNQD1            "sdfcnqd1"       s, t(mux_ff)
   SDFCNQD2            "sdfcnqd1"       s, t(mux_ff)
   SDFCNQD4            "sdfcnqd1"       s, t(mux_ff)
   SDFCSND0            "sdfcsnd1"       s, t(mux_ff)
   SDFCSND1            "sdfcsnd1"       s, t(mux_ff)
   SDFCSND2            "sdfcsnd1"       s, t(mux_ff)
   SDFCSND4            "sdfcsnd1"       s, t(mux_ff)
   SDFCSNQD0           "sdfcsnqd1"      s, t(mux_ff)
   SDFCSNQD1           "sdfcsnqd1"      s, t(mux_ff)
   SDFCSNQD2           "sdfcsnqd1"      s, t(mux_ff)
   SDFCSNQD4           "sdfcsnqd1"      s, t(mux_ff)
   SDFD0               "sdfd1"          s, t(mux_ff)
   SDFD1               "sdfd1"          s, t(mux_ff)
   SDFD2               "sdfd1"          s, t(mux_ff)
   SDFD4               "sdfd1"          s, t(mux_ff)
   SDFKCND0            "sdfkcnd1"       s, t(mux_ff)
   SDFKCND1            "sdfkcnd1"       s, t(mux_ff)
   SDFKCND2            "sdfkcnd1"       s, t(mux_ff)
   SDFKCND4            "sdfkcnd1"       s, t(mux_ff)
   SDFKCNQD0           "sdfkcnqd1"      s, t(mux_ff)
   SDFKCNQD1           "sdfkcnqd1"      s, t(mux_ff)
   SDFKCNQD2           "sdfkcnqd1"      s, t(mux_ff)
   SDFKCNQD4           "sdfkcnqd1"      s, t(mux_ff)
   SDFKCSND0           "sdfkcsnd1"      s, t(mux_ff)
   SDFKCSND1           "sdfkcsnd1"      s, t(mux_ff)
   SDFKCSND2           "sdfkcsnd1"      s, t(mux_ff)
   SDFKCSND4           "sdfkcsnd1"      s, t(mux_ff)
   SDFKCSNQD0          "sdfkcsnqd1"     s, t(mux_ff)
   SDFKCSNQD1          "sdfkcsnqd1"     s, t(mux_ff)
   SDFKCSNQD2          "sdfkcsnqd1"     s, t(mux_ff)
   SDFKCSNQD4          "sdfkcsnqd1"     s, t(mux_ff)
   SDFKSND0            "sdfksnd1"       s, t(mux_ff)
   SDFKSND1            "sdfksnd1"       s, t(mux_ff)
   SDFKSND2            "sdfksnd1"       s, t(mux_ff)
   SDFKSND4            "sdfksnd1"       s, t(mux_ff)
   SDFKSNQD0           "sdfksnqd1"      s, t(mux_ff)
   SDFKSNQD1           "sdfksnqd1"      s, t(mux_ff)
   SDFKSNQD2           "sdfksnqd1"      s, t(mux_ff)
   SDFKSNQD4           "sdfksnqd1"      s, t(mux_ff)
   SDFNCND0            "sdfncnd1"       s, t(mux_ff)
   SDFNCND1            "sdfncnd1"       s, t(mux_ff)
   SDFNCND2            "sdfncnd1"       s, t(mux_ff)
   SDFNCND4            "sdfncnd1"       s, t(mux_ff)
   SDFNCSND0           "sdfncsnd1"      s, t(mux_ff)
   SDFNCSND1           "sdfncsnd1"      s, t(mux_ff)
   SDFNCSND2           "sdfncsnd1"      s, t(mux_ff)
   SDFNCSND4           "sdfncsnd1"      s, t(mux_ff)
   SDFND0              "sdfnd1"         s, t(mux_ff)
   SDFND1              "sdfnd1"         s, t(mux_ff)
   SDFND2              "sdfnd1"         s, t(mux_ff)
   SDFND4              "sdfnd1"         s, t(mux_ff)
   SDFNSND0            "sdfnsnd1"       s, t(mux_ff)
   SDFNSND1            "sdfnsnd1"       s, t(mux_ff)
   SDFNSND2            "sdfnsnd1"       s, t(mux_ff)
   SDFNSND4            "sdfnsnd1"       s, t(mux_ff)
   SDFQD0              "sdfqd1"         s, t(mux_ff)
   SDFQD1              "sdfqd1"         s, t(mux_ff)
   SDFQD2              "sdfqd1"         s, t(mux_ff)
   SDFQD4              "sdfqd1"         s, t(mux_ff)
   SDFQND0             "sdfqnd1"        s, t(mux_ff)
   SDFQND1             "sdfqnd1"        s, t(mux_ff)
   SDFQND2             "sdfqnd1"        s, t(mux_ff)
   SDFQND4             "sdfqnd1"        s, t(mux_ff)
   SDFSND0             "sdfsnd1"        s, t(mux_ff)
   SDFSND1             "sdfsnd1"        s, t(mux_ff)
   SDFSND2             "sdfsnd1"        s, t(mux_ff)
   SDFSND4             "sdfsnd1"        s, t(mux_ff)
   SDFSNQD0            "sdfsnqd1"       s, t(mux_ff)
   SDFSNQD1            "sdfsnqd1"       s, t(mux_ff)
   SDFSNQD2            "sdfsnqd1"       s, t(mux_ff)
   SDFSNQD4            "sdfsnqd1"       s, t(mux_ff)
   SDFXD0              "sdfxd1"         s, t(mux_ff)
   SDFXD1              "sdfxd1"         s, t(mux_ff)
   SDFXD2              "sdfxd1"         s, t(mux_ff)
   SDFXD4              "sdfxd1"         s, t(mux_ff)
   SDFXQD0             "sdfxqd1"        s, t(mux_ff)
   SDFXQD1             "sdfxqd1"        s, t(mux_ff)
   SDFXQD2             "sdfxqd1"        s, t(mux_ff)
   SDFXQD4             "sdfxqd1"        s, t(mux_ff)
   SEDFCND0            "sedfcnd1"       s, t(mux_ff)
   SEDFCND1            "sedfcnd1"       s, t(mux_ff)
   SEDFCND2            "sedfcnd1"       s, t(mux_ff)
   SEDFCND4            "sedfcnd1"       s, t(mux_ff)
   SEDFCNQD0           "sedfcnqd1"      s, t(mux_ff)
   SEDFCNQD1           "sedfcnqd1"      s, t(mux_ff)
   SEDFCNQD2           "sedfcnqd1"      s, t(mux_ff)
   SEDFCNQD4           "sedfcnqd1"      s, t(mux_ff)
   SEDFD0              "sedfd1"         s, t(mux_ff)
   SEDFD1              "sedfd1"         s, t(mux_ff)
   SEDFD2              "sedfd1"         s, t(mux_ff)
   SEDFD4              "sedfd1"         s, t(mux_ff)
   SEDFKCND0           "sedfkcnd1"      s, t(mux_ff)
   SEDFKCND1           "sedfkcnd1"      s, t(mux_ff)
   SEDFKCND2           "sedfkcnd1"      s, t(mux_ff)
   SEDFKCND4           "sedfkcnd1"      s, t(mux_ff)
   SEDFKCNQD0          "sedfkcnqd1"     s, t(mux_ff)
   SEDFKCNQD1          "sedfkcnqd1"     s, t(mux_ff)
   SEDFKCNQD2          "sedfkcnqd1"     s, t(mux_ff)
   SEDFKCNQD4          "sedfkcnqd1"     s, t(mux_ff)
   SEDFQD0             "sedfqd1"        s, t(mux_ff)
   SEDFQD1             "sedfqd1"        s, t(mux_ff)
   SEDFQD2             "sedfqd1"        s, t(mux_ff)
   SEDFQD4             "sedfqd1"        s, t(mux_ff)
   SEDFQND0            "sedfqnd1"       s, t(mux_ff)
   SEDFQND1            "sedfqnd1"       s, t(mux_ff)
   SEDFQND2            "sedfqnd1"       s, t(mux_ff)
   SEDFQND4            "sedfqnd1"       s, t(mux_ff)
   SEDFQNXD0           "sedfqnd1"       s, t(mux_ff)
   SEDFQNXD1           "sedfqnd1"       s, t(mux_ff)
   SEDFQNXD2           "sedfqnd1"       s, t(mux_ff)
   SEDFQNXD4           "sedfqnd1"       s, t(mux_ff)
   SEDFQXD0            "sedfqd1"        s, t(mux_ff)
   SEDFQXD1            "sedfqd1"        s, t(mux_ff)
   SEDFQXD2            "sedfqd1"        s, t(mux_ff)
   SEDFQXD4            "sedfqd1"        s, t(mux_ff)
   SEDFXD0             "sedfd1"         s, t(mux_ff)
   SEDFXD1             "sedfd1"         s, t(mux_ff)
   SEDFXD2             "sedfd1"         s, t(mux_ff)
   SEDFXD4             "sedfd1"         s, t(mux_ff)
   TIEH                "TIEH"           
   TIEL                "TIEL"           
   XNR2D0              "xnr2d1"         
   XNR2D1              "xnr2d1"         
   XNR2D2              "xnr2d1"         
   XNR2D4              "xnr2d1"         
   XNR3D0              "xnr3d1"         
   XNR3D1              "xnr3d1"         
   XNR3D2              "xnr3d1"         
   XNR3D4              "xnr3d1"         
   XNR4D0              "xnr4d1"         
   XNR4D1              "xnr4d1"         
   XNR4D2              "xnr4d1"         
   XNR4D4              "xnr4d1"         
   XOR2D0              "xor2d1"         
   XOR2D1              "xor2d1"         
   XOR2D2              "xor2d1"         
   XOR2D4              "xor2d1"         
   XOR3D0              "xor3d1"         
   XOR3D1              "xor3d1"         
   XOR3D2              "xor3d1"         
   XOR3D4              "xor3d1"         
   XOR4D0              "xor4d1"         
   XOR4D1              "xor4d1"         
   XOR4D2              "xor4d1"         
   XOR4D4              "xor4d1"         
1
