Loading db file '/sim/synopsys/SAED_EDK90nm/Digital_Standard_Cell_Library/synopsys/models/saed90nm_typ.db'
Information: Propagating switching activity (low effort zero delay simulation). (PWR-6)
Warning: Design has unannotated primary inputs. (PWR-414)
Warning: Design has unannotated sequential cell outputs. (PWR-415)
 
****************************************
Report : power
        -analysis_effort low
Design : cam
Version: F-2011.09-SP2
Date   : Wed Oct  8 23:02:31 2014
****************************************


Library(s) Used:

    saed90nm_typ (File: /sim/synopsys/SAED_EDK90nm/Digital_Standard_Cell_Library/synopsys/models/saed90nm_typ.db)


Operating Conditions: TYPICAL   Library: saed90nm_typ
Wire Load Model Mode: enclosed

Design        Wire Load Model            Library
------------------------------------------------
cam                    ForQA             saed90nm_typ
mux                    8000              saed90nm_typ


Global Operating Voltage = 1.2  
Power-specific unit information :
    Voltage Units = 1V
    Capacitance Units = 1.000000ff
    Time Units = 1ns
    Dynamic Power Units = 1uW    (derived from V,C,T units)
    Leakage Power Units = 1pW


  Cell Internal Power  = 590.3525 uW   (67%)
  Net Switching Power  = 293.9730 uW   (33%)
                         ---------
Total Dynamic Power    = 884.3254 uW  (100%)

Cell Leakage Power     = 294.9741 uW


                 Internal         Switching           Leakage            Total
Power Group      Power            Power               Power              Power   (   %    )  Attrs
--------------------------------------------------------------------------------------------------
io_pad             0.0000            0.0000            0.0000            0.0000  (   0.00%)
memory             0.0000            0.0000            0.0000            0.0000  (   0.00%)
black_box          0.0000            0.0000            0.0000            0.0000  (   0.00%)
clock_network      0.0000            0.0000            0.0000            0.0000  (   0.00%)
register       -2.4123e+01            9.3408        1.3275e+08          117.9624 (  10.00%)
sequential         0.0000            0.0000            0.0000            0.0000  (   0.00%)
combinational    614.4764          284.6328        1.6223e+08        1.0613e+03  (  90.00%)
--------------------------------------------------------------------------------------------------
Total            590.3530 uW       293.9737 uW     2.9497e+08 pW     1.1793e+03 uW
1
