
****************************************
Report : library
Library: saed90nm_typ
Version: F-2011.09-SP2
Date   : Wed Oct  8 23:02:30 2014
****************************************

Library Type            : Technology, PG pin Based
Tool Created            : C-2009.06
Date Created            : 2007 (INF CREATED ON 30-OCT-2007)
Library Version         : 1.0000000
Time Unit               : 1ns

Capacitive Load Unit    : 1.000000ff
Pulling Resistance Unit : 1kilo-ohm
Voltage Unit            : 1V
Current Unit            : 1uA
Dynamic Energy Unit     : 0.001000pJ   (derived from V,C units)
Leakage Power Unit      : 1pW
Bus Naming Style        : %s[%d] (default)

Default Threshold Voltage Group : "saed90cell"

Operating Conditions:


    Operating Condition Name : TYPICAL
    Library : saed90nm_typ
    Process :   1.00
    Temperature :  25.00
    Voltage :   1.20
    Interconnect Model : balanced_tree

Input Voltages:

    No input_voltage groups specified.

Output Voltages:

    No output_voltage groups specified.

nom_voltage : 1.2
Voltage Map: Voltage Name   : Voltage Value
             V                1.2
             VL               1.2
             VSS              0

default_wire_load_capacitance:	0.026724
default_wire_load_resistance:	0.002067
default_wire_load_area:	0.010000


Wire Loading Model:

Name           :   ForQA
Location       :   saed90nm_typ
Resistance     :   0.002067
Capacitance    :   0.026724
Area           :   0.01
Slope          :   30.2854
Fanout   Length   Points Average Cap Std Deviation
--------------------------------------------------------------
     1     8.28
     2    18.49
     3    29.35
     4    40.92
     5    53.23
     6    66.36
     7    80.36
     8    95.27
     9   111.17
    10   128.09
    11   146.10
    12   165.26
    13   185.61
    14   207.22
    15   230.13
    16   254.41
    17   280.11
    18   307.28
    19   335.98
    20   366.27

Name           :   8000
Location       :   saed90nm_typ
Resistance     :   0.0015727
Capacitance    :   0.000312
Area           :   0.01
Slope          :   90.6464
Fanout   Length   Points Average Cap Std Deviation
--------------------------------------------------------------
     1    13.94
     2    31.80
     3    51.61
     4    73.61
     5    98.05
     6   125.17
     7   155.23
     8   188.46
     9   225.12
    10   265.45
    11   309.71
    12   358.13
    13   410.96
    14   468.46
    15   530.86
    16   598.42
    17   671.38
    18   749.98
    19   834.49
    20   925.13

Name           :   16000
Location       :   saed90nm_typ
Resistance     :   0.001282
Capacitance    :   0.000569
Area           :   0.01
Slope          :   108.438
Fanout   Length   Points Average Cap Std Deviation
--------------------------------------------------------------
     1    15.10
     2    34.61
     3    56.42
     4    80.84
     5   108.20
     6   138.79
     7   172.92
     8   210.91
     9   253.07
    10   299.71
    11   351.13
    12   407.64
    13   469.57
    14   537.20
    15   610.87
    16   690.86
    17   777.51
    18   871.11
    19   971.97
    20  1080.41

Name           :   35000
Location       :   saed90nm_typ
Resistance     :   0.001187
Capacitance    :   0.00027
Area           :   0.01
Slope          :   140.36
Fanout   Length   Points Average Cap Std Deviation
--------------------------------------------------------------
     1    16.92
     2    39.03
     3    64.09
     4    92.51
     5   124.73
     6   161.17
     7   202.25
     8   248.42
     9   300.09
    10   357.68
    11   421.63
    12   492.37
    13   570.31
    14   655.89
    15   749.54
    16   851.67
    17   962.72
    18  1083.11
    19  1213.28
    20  1353.64

Name           :   70000
Location       :   saed90nm_typ
Resistance     :   0.01
Capacitance    :   0.000143
Area           :   0.01
Slope          :   170.996
Fanout   Length   Points Average Cap Std Deviation
--------------------------------------------------------------
     1    18.44
     2    42.77
     3    70.64
     4   102.58
     5   139.15
     6   180.88
     7   228.32
     8   282.00
     9   342.48
    10   410.29
    11   485.98
    12   570.09
    13   663.16
    14   765.74
    15   878.36
    16  1001.57
    17  1135.91
    18  1281.93
    19  1440.17
    20  1611.17

Name           :   140000
Location       :   saed90nm_typ
Resistance     :   0.01
Capacitance    :   0.000143
Area           :   0.01
Slope          :   211.204
Fanout   Length   Points Average Cap Std Deviation
--------------------------------------------------------------
     1    20.20
     2    47.15
     3    78.39
     4   114.63
     5   156.57
     6   204.90
     7   260.33
     8   323.54
     9   395.25
    10   476.14
    11   566.92
    12   668.29
    13   780.94
    14   905.58
    15  1042.89
    16  1193.59
    17  1358.37
    18  1537.92
    19  1732.95
    20  1944.15

Name           :   280000
Location       :   saed90nm_typ
Resistance     :   0.01
Capacitance    :   0.000143
Area           :   0.01
Slope          :   266.705
Fanout   Length   Points Average Cap Std Deviation
--------------------------------------------------------------
     1    22.32
     2    52.49
     3    87.98
     4   129.72
     5   178.62
     6   235.60
     7   301.59
     8   377.49
     9   464.24
    10   562.75
    11   673.94
    12   798.74
    13   938.05
    14  1092.80
    15  1263.92
    16  1452.31
    17  1658.90
    18  1884.61
    19  2130.35
    20  2397.06

Name           :   540000
Location       :   saed90nm_typ
Resistance     :   0.01
Capacitance    :   0.000143
Area           :   0.01
Slope          :   331.292
Fanout   Length   Points Average Cap Std Deviation
--------------------------------------------------------------
     1    24.47
     2    57.99
     3    98.00
     4   145.68
     5   202.21
     6   268.78
     7   346.57
     8   436.76
     9   540.54
    10   659.09
    11   793.58
    12   945.21
    13  1115.16
    14  1304.61
    15  1514.74
    16  1746.74
    17  2001.79
    18  2281.07
    19  2585.76
    20  2917.05

Name           :   1000000
Location       :   saed90nm_typ
Resistance     :   0.01
Capacitance    :   0.000143
Area           :   0.01
Slope          :   401.5
Fanout   Length   Points Average Cap Std Deviation
--------------------------------------------------------------
     1    26.53
     2    63.36
     3   107.90
     4   161.65
     5   226.06
     6   302.63
     7   392.82
     8   498.11
     9   619.97
    10   759.88
    11   919.31
    12  1099.73
    13  1302.63
    14  1529.48
    15  1781.75
    16  2060.91
    17  2368.45
    18  2705.83
    19  3074.54
    20  3476.04

Name           :   2000000
Location       :   saed90nm_typ
Resistance     :   0.01
Capacitance    :   0.000143
Area           :   0.01
Slope          :   509.815
Fanout   Length   Points Average Cap Std Deviation
--------------------------------------------------------------
     1    29.34
     2    70.76
     3   121.76
     4   184.28
     5   260.25
     6   351.61
     7   460.30
     8   588.23
     9   737.36
    10   909.60
    11  1106.91
    12  1331.20
    13  1584.41
    14  1868.48
    15  2185.34
    16  2536.93
    17  2925.17
    18  3352.00
    19  3819.36
    20  4329.17

Name           :   4000000
Location       :   saed90nm_typ
Resistance     :   0.01
Capacitance    :   0.000143
Area           :   0.01
Slope          :   641.917
Fanout   Length   Points Average Cap Std Deviation
--------------------------------------------------------------
     1    32.33
     2    78.77
     3   137.01
     4   209.56
     5   298.91
     6   407.58
     7   538.07
     8   692.87
     9   874.49
    10  1085.45
    11  1328.23
    12  1605.34
    13  1919.30
    14  2272.59
    15  2667.73
    16  3107.22
    17  3593.56
    18  4129.25
    19  4716.81
    20  5358.72

Name           :   8000000
Location       :   saed90nm_typ
Resistance     :   0.01
Capacitance    :   0.000143
Area           :   0.01
Slope          :   815.176
Fanout   Length   Points Average Cap Std Deviation
--------------------------------------------------------------
     1    35.74
     2    88.12
     3   155.14
     4   240.05
     5   346.13
     6   476.63
     7   634.82
     8   823.97
     9  1047.34
    10  1308.18
    11  1609.78
    12  1955.38
    13  2348.25
    14  2791.67
    15  3288.88
    16  3843.16
    17  4457.77
    18  5135.97
    19  5881.02
    20  6696.20

Name           :   tcForQA
Location       :   saed90nm_typ
Resistance     :   0.002067
Capacitance    :   0.026724
Area           :   0.832926
Slope          :   30.2854
Fanout   Length   Points Average Cap Std Deviation
--------------------------------------------------------------
     1     8.28
     2    18.49
     3    29.35
     4    40.92
     5    53.23
     6    66.36
     7    80.36
     8    95.27
     9   111.17
    10   128.09
    11   146.10
    12   165.26
    13   185.61
    14   207.22
    15   230.13
    16   254.41
    17   280.11
    18   307.28
    19   335.98
    20   366.27

Name           :   tc8000
Location       :   saed90nm_typ
Resistance     :   0.0015727
Capacitance    :   0.000312
Area           :   0.720503
Slope          :   90.6464
Fanout   Length   Points Average Cap Std Deviation
--------------------------------------------------------------
     1    13.94
     2    31.80
     3    51.61
     4    73.61
     5    98.05
     6   125.17
     7   155.23
     8   188.46
     9   225.12
    10   265.45
    11   309.71
    12   358.13
    13   410.96
    14   468.46
    15   530.86
    16   598.42
    17   671.38
    18   749.98
    19   834.49
    20   925.13

Name           :   tc16000
Location       :   saed90nm_typ
Resistance     :   0.001282
Capacitance    :   0.000569
Area           :   0.410482
Slope          :   108.438
Fanout   Length   Points Average Cap Std Deviation
--------------------------------------------------------------
     1    15.10
     2    34.61
     3    56.42
     4    80.84
     5   108.20
     6   138.79
     7   172.92
     8   210.91
     9   253.07
    10   299.71
    11   351.13
    12   407.64
    13   469.57
    14   537.20
    15   610.87
    16   690.86
    17   777.51
    18   871.11
    19   971.97
    20  1080.41

Name           :   tc35000
Location       :   saed90nm_typ
Resistance     :   0.001187
Capacitance    :   0.00027
Area           :   0.310533
Slope          :   140.36
Fanout   Length   Points Average Cap Std Deviation
--------------------------------------------------------------
     1    16.92
     2    39.03
     3    64.09
     4    92.51
     5   124.73
     6   161.17
     7   202.25
     8   248.42
     9   300.09
    10   357.68
    11   421.63
    12   492.37
    13   570.31
    14   655.89
    15   749.54
    16   851.67
    17   962.72
    18  1083.11
    19  1213.28
    20  1353.64

Name           :   tc70000
Location       :   saed90nm_typ
Resistance     :   0.01
Capacitance    :   0.000143
Area           :   0.21
Slope          :   170.996
Fanout   Length   Points Average Cap Std Deviation
--------------------------------------------------------------
     1    18.44
     2    42.77
     3    70.64
     4   102.58
     5   139.15
     6   180.88
     7   228.32
     8   282.00
     9   342.48
    10   410.29
    11   485.98
    12   570.09
    13   663.16
    14   765.74
    15   878.36
    16  1001.57
    17  1135.91
    18  1281.93
    19  1440.17
    20  1611.17

Name           :   tc140000
Location       :   saed90nm_typ
Resistance     :   0.01
Capacitance    :   0.000143
Area           :   0.15
Slope          :   211.204
Fanout   Length   Points Average Cap Std Deviation
--------------------------------------------------------------
     1    20.20
     2    47.15
     3    78.39
     4   114.63
     5   156.57
     6   204.90
     7   260.33
     8   323.54
     9   395.25
    10   476.14
    11   566.92
    12   668.29
    13   780.94
    14   905.58
    15  1042.89
    16  1193.59
    17  1358.37
    18  1537.92
    19  1732.95
    20  1944.15

Name           :   tc280000
Location       :   saed90nm_typ
Resistance     :   0.01
Capacitance    :   0.000143
Area           :   0.1
Slope          :   266.705
Fanout   Length   Points Average Cap Std Deviation
--------------------------------------------------------------
     1    22.32
     2    52.49
     3    87.98
     4   129.72
     5   178.62
     6   235.60
     7   301.59
     8   377.49
     9   464.24
    10   562.75
    11   673.94
    12   798.74
    13   938.05
    14  1092.80
    15  1263.92
    16  1452.31
    17  1658.90
    18  1884.61
    19  2130.35
    20  2397.06

Name           :   tc540000
Location       :   saed90nm_typ
Resistance     :   0.01
Capacitance    :   0.000143
Area           :   0.07
Slope          :   331.292
Fanout   Length   Points Average Cap Std Deviation
--------------------------------------------------------------
     1    24.47
     2    57.99
     3    98.00
     4   145.68
     5   202.21
     6   268.78
     7   346.57
     8   436.76
     9   540.54
    10   659.09
    11   793.58
    12   945.21
    13  1115.16
    14  1304.61
    15  1514.74
    16  1746.74
    17  2001.79
    18  2281.07
    19  2585.76
    20  2917.05

Name           :   tc1000000
Location       :   saed90nm_typ
Resistance     :   0.01
Capacitance    :   0.000143
Area           :   0.05
Slope          :   401.5
Fanout   Length   Points Average Cap Std Deviation
--------------------------------------------------------------
     1    26.53
     2    63.36
     3   107.90
     4   161.65
     5   226.06
     6   302.63
     7   392.82
     8   498.11
     9   619.97
    10   759.88
    11   919.31
    12  1099.73
    13  1302.63
    14  1529.48
    15  1781.75
    16  2060.91
    17  2368.45
    18  2705.83
    19  3074.54
    20  3476.04

Name           :   tc2000000
Location       :   saed90nm_typ
Resistance     :   0.01
Capacitance    :   0.000143
Area           :   0.04
Slope          :   509.815
Fanout   Length   Points Average Cap Std Deviation
--------------------------------------------------------------
     1    29.34
     2    70.76
     3   121.76
     4   184.28
     5   260.25
     6   351.61
     7   460.30
     8   588.23
     9   737.36
    10   909.60
    11  1106.91
    12  1331.20
    13  1584.41
    14  1868.48
    15  2185.34
    16  2536.93
    17  2925.17
    18  3352.00
    19  3819.36
    20  4329.17

Name           :   tc4000000
Location       :   saed90nm_typ
Resistance     :   0.01
Capacitance    :   0.000143
Area           :   0.02
Slope          :   641.917
Fanout   Length   Points Average Cap Std Deviation
--------------------------------------------------------------
     1    32.33
     2    78.77
     3   137.01
     4   209.56
     5   298.91
     6   407.58
     7   538.07
     8   692.87
     9   874.49
    10  1085.45
    11  1328.23
    12  1605.34
    13  1919.30
    14  2272.59
    15  2667.73
    16  3107.22
    17  3593.56
    18  4129.25
    19  4716.81
    20  5358.72

Name           :   tc8000000
Location       :   saed90nm_typ
Resistance     :   0.01
Capacitance    :   0.000143
Area           :   0.02
Slope          :   815.176
Fanout   Length   Points Average Cap Std Deviation
--------------------------------------------------------------
     1    35.74
     2    88.12
     3   155.14
     4   240.05
     5   346.13
     6   476.63
     7   634.82
     8   823.97
     9  1047.34
    10  1308.18
    11  1609.78
    12  1955.38
    13  2348.25
    14  2791.67
    15  3288.88
    16  3843.16
    17  4457.77
    18  5135.97
    19  5881.02
    20  6696.20


Wire Loading Model Selection Group:

   Name           : predcaps

        Selection             Wire load name
    min area   max area
   -------------------------------------------
        0.00     200.00          ForQA
      200.00    8000.00          8000
     8000.00   16000.00          16000
    16000.00   35000.00          35000
    35000.00   70000.00          70000
    70000.00   140000.00         140000
    140000.00  280000.00         280000
    280000.00  540000.00         540000
    540000.00  1000000.00        1000000
    1000000.00 2000000.00        2000000
    2000000.00 4000000.00        4000000
    4000000.00 8000000.00        8000000


Wire Loading Model Mode: enclosed.


Wire Loading Model Selection Group: predcaps.

Porosity information:

    No porosity information specified.

In_place optimization mode:  no_swapping (in_place optimization disabled)

Timing Ranges:

    No timing ranges specified.


Delay Threshold Trip-Points:

	input_threshold_pct_rise:	50
	output_threshold_pct_rise:	50
	input_threshold_pct_fall:	50
	output_threshold_pct_fall:	50


Slew Threshold Trip-Points:

	slew_lower_threshold_pct_rise:	10
	slew_upper_threshold_pct_rise:	90
	slew_lower_threshold_pct_fall:	10
	slew_upper_threshold_pct_fall:	90

	slew_derate_from_library:	1


Components:

    Attributes:
       af - active falling
       ah - active high
       al - active low
       ar - active rising
        b - black box (function unknown)
       ce - clock enable
       cg - clock gating integrated cell
       ub - unbuffered
      pgt - pass gate
      ctl - has CTL test model
        d - dont_touch
      iso - isolation cell
       ls - level shifter
      dls - differential level shifter
       mo - map_only
        p - preferred
      pad - pad cell
       hp - hold_preferred
     pwrg - power gating cell
        r - removable
        s - statetable
      sa0 - dont_fault stuck-at-0
      sa1 - dont_fault stuck-at-1
     sa01 - dont_fault both stuck-at-0 and stuck-at-1
       sz - use_for_size_only
        t - test cell. t(scan_type) as
          t(mux_ff) - muxed flip-flop
          t(mux_ld) - muxed latch
          t(clk_scan) - clocked scan
          t(clk_scan_ld) - clocked scan latch
          t(lssd_dld) - double latch LSSD
          t(lssd_sld) - single latch LSSD
          t(lssd_clk) - clocked LSSD
          t(lssd_auxclk) - auxiliary clock LSSD
          t(lssd_se) - scan enabled LSSD
        u - dont_use
      udp - usable for datapath generators
      ufc - user_function_class. ufc(type) as
          ufc(u) - user-defined
          ufc(a) - automatically generated
      imc - macro cell 
switch_cg - switch cell (coarse grain)
      ret - retention cell
       ao - always on cell
     gicg - generic integrated clock gating
       va - variation-aware ccs timing modeling
      val - variation-aware ccs leakage power modeling
      fil - filler cell
      tap - tap cell
    decap - decap cell
      pll - pll cell
      mem - memory cell


Pin Attributes:
       ao - always on pin
      lse - level shifter enable pin
     isoe - isolation cell enable pin
     scmr - standard cell main rail


   Cell                Vth Group    Attributes
   -------------------------------------------
   AND2X1                               
   AND2X2                               
   AND2X4                               
   AND3X1                               
   AND3X2                               
   AND3X4                               
   AND4X1                               
   AND4X2                               
   AND4X4                               
   ANTENNA                              b, d, u
   AO21X1                               
   AO21X2                               
   AO22X1                               
   AO22X2                               
   AO221X1                              
   AO221X2                              
   AO222X1                              
   AO222X2                              
   AOBUFX1                              d, u, ao
   AOBUFX2                              d, u, ao
   AOBUFX4                              d, u, ao
   AODFFARX1                            d, s, u, ao
   AODFFARX2                            d, s, u, ao
   AODFFNARX1                           d, s, u, ao
   AODFFNARX2                           d, s, u, ao
   AOI21X1                              
   AOI21X2                              
   AOI22X1                              
   AOI22X2                              
   AOI221X1                             
   AOI221X2                             
   AOI222X1                             
   AOI222X2                             
   AOINVX1                              d, u, ao
   AOINVX2                              d, u, ao
   AOINVX4                              d, u, ao
   BSLEX1                               
   BSLEX2                               
   BSLEX4                               
   BUSKP                                b, d, u
   CLOAD1                               b, d, u
   DCAP                                 b, d, u, decap
   DEC24X1                              r, udp
   DEC24X2                              r, udp
   DELLN1X2                             
   DELLN2X2                             
   DELLN3X2                             
   DFFARX1                              s
   DFFARX2                              s
   DFFASRX1                             s
   DFFASRX2                             s
   DFFASX1                              s
   DFFASX2                              s
   DFFNARX1                             s
   DFFNARX2                             s
   DFFNASRNX1                           s
   DFFNASRNX2                           s
   DFFNASRQX1                           s
   DFFNASRQX2                           s
   DFFNASRX1                            s
   DFFNASRX2                            s
   DFFNASX1                             s
   DFFNASX2                             s
   DFFNX1                               s
   DFFNX2                               s
   DFFSSRX1                             s
   DFFSSRX2                             s
   DFFX1                                s
   DFFX2                                s
   DHFILLHLH2                           b, d, u, fil
   DHFILLHLHLS11                        b, d, u, fil
   DHFILLLHL2                           b, d, u, fil
   FADDX1                               r
   FADDX2                               r
   HADDX1                               r
   HADDX2                               r
   HEAD2X2                              d, u, switch_cg
   HEAD2X4                              d, u, switch_cg
   HEAD2X8                              d, u, switch_cg
   HEAD2X16                             d, u, switch_cg
   HEAD2X32                             d, u, switch_cg
   HEADX2                               b, d, u, switch_cg
   HEADX4                               b, d, u, switch_cg
   HEADX8                               b, d, u, switch_cg
   HEADX16                              b, d, u, switch_cg
   HEADX32                              b, d, u, switch_cg
   IBUFFX2                              
   IBUFFX4                              
   IBUFFX8                              
   IBUFFX16                             
   IBUFFX32                             
   INVX0                                
   INVX1                                
   INVX2                                
   INVX4                                
   INVX8                                
   INVX16                               
   INVX32                               
   ISOLANDX1                            d, u, iso
   ISOLANDX2                            d, u, iso
   ISOLANDX4                            d, u, iso
   ISOLANDX8                            d, u, iso
   ISOLORX1                             d, u, iso
   ISOLORX2                             d, u, iso
   ISOLORX4                             d, u, iso
   ISOLORX8                             d, u, iso
   LARX1                                s
   LARX2                                s
   LASRNX1                              s
   LASRNX2                              s
   LASRQX1                              s
   LASRQX2                              s
   LASRX1                               s
   LASRX2                               s
   LASX1                                s
   LASX2                                s
   LATCHX1                              s
   LATCHX2                              s
   LNANDX1                              s
   LNANDX2                              s
   MUX21X1                              
   MUX21X2                              
   MUX41X1                              
   MUX41X2                              
   NAND2X0                              
   NAND2X1                              
   NAND2X2                              
   NAND2X4                              
   NAND3X0                              
   NAND3X1                              
   NAND3X2                              
   NAND3X4                              
   NAND4X0                              
   NAND4X1                              
   NBUFFX2                              
   NBUFFX4                              
   NBUFFX8                              
   NBUFFX16                             
   NBUFFX32                             
   NMT1                                 b
   NMT2                                 b
   NMT3                                 b
   NOR2X0                               
   NOR2X1                               
   NOR2X2                               
   NOR2X4                               
   NOR3X0                               
   NOR3X1                               
   NOR3X2                               
   NOR3X4                               
   NOR4X0                               
   NOR4X1                               
   OA21X1                               
   OA21X2                               
   OA22X1                               
   OA22X2                               
   OA221X1                              
   OA221X2                              
   OA222X1                              
   OA222X2                              
   OAI21X1                              
   OAI21X2                              
   OAI22X1                              
   OAI22X2                              
   OAI221X1                             
   OAI221X2                             
   OAI222X1                             
   OAI222X2                             
   OR2X1                                
   OR2X2                                
   OR2X4                                
   OR3X1                                
   OR3X2                                
   OR3X4                                
   OR4X1                                
   OR4X2                                
   OR4X4                                
   PGX1                                 
   PGX2                                 
   PGX4                                 
   PMT1                                 b
   PMT2                                 b
   PMT3                                 b
   SDFFARX1                             s, t(mux_ff)
   SDFFARX2                             s, t(mux_ff)
   SDFFASRSX1                           s, t(mux_ff)
   SDFFASRSX2                           s, t(mux_ff)
   SDFFASRX1                            s, t(mux_ff)
   SDFFASRX2                            s, t(mux_ff)
   SDFFASX1                             s, t(mux_ff)
   SDFFASX2                             s, t(mux_ff)
   SDFFNARX1                            s, t(mux_ff)
   SDFFNARX2                            s, t(mux_ff)
   SDFFNASRX1                           s, t(mux_ff)
   SDFFNASRX2                           s, t(mux_ff)
   SDFFNASX1                            s, t(mux_ff)
   SDFFNASX2                            s, t(mux_ff)
   SDFFNX1                              s, t(mux_ff)
   SDFFNX2                              s, t(mux_ff)
   SDFFSSRX1                            s, t(mux_ff)
   SDFFSSRX2                            s, t(mux_ff)
   SDFFX1                               s, t(mux_ff)
   SDFFX2                               s, t(mux_ff)
   SHFILL1                              b, d, u, fil
   SHFILL2                              b, d, u, fil
   SHFILL3                              b, d, u, fil
   SHFILL64                             b, d, u, fil
   SHFILL128                            b, d, u, fil
   TIEH                                 d, u
   TIEL                                 d, u
   TNBUFFX1                             
   TNBUFFX2                             
   TNBUFFX4                             
   TNBUFFX8                             
   TNBUFFX16                            
   TNBUFFX32                            
   XNOR2X1                              
   XNOR2X2                              
   XNOR3X1                              
   XNOR3X2                              
   XOR2X1                               
   XOR2X2                               
   XOR3X1                               
   XOR3X2                               
1
