/usr/cad/syn/auxx/gui/dv/dv_setup.tcl
/usr/cad/syn/auxx/gui/syn/snpsSynProcs.tcl
/usr/cad/syn/auxx/tcllib/lib/tcl8.5/tm.tcl
/usr/cad/syn/auxx/tcllib/lib/tcl8.5/package.tcl
/usr/cad/syn/auxx/gui/syn/layout/pkgIndex.tcl
/usr/cad/syn/auxx/gui/common/dialogs/pkgIndex.tcl
/usr/cad/syn/auxx/gui/common/commandform/pkgIndex.tcl
/usr/cad/syn/auxx/gui/common/palettegroup/pkgIndex.tcl
/usr/cad/syn/auxx/gui/common/table/pkgIndex.tcl
/usr/cad/syn/auxx/gui/common/hierarchy/pkgIndex.tcl
/usr/cad/syn/auxx/gui/common/strokes/pkgIndex.tcl
/usr/cad/syn/auxx/gui/common/libviewer/pkgIndex.tcl
/usr/cad/syn/auxx/gui/common/histogram/pkgIndex.tcl
/usr/cad/syn/auxx/gui/common/opdlg/pkgIndex.tcl
/usr/cad/syn/auxx/gui/common/docBrowser/pkgIndex.tcl
/usr/cad/syn/auxx/gui/common/regressionToolkit/pkgIndex.tcl
/usr/cad/syn/auxx/gui/common/pathinspector/pkgIndex.tcl
/usr/cad/syn/auxx/gui/common/acg/pkgIndex.tcl
/usr/cad/syn/auxx/gui/common/highlight/pkgIndex.tcl
/usr/cad/syn/auxx/gui/common/profiler/pkgIndex.tcl
/usr/cad/syn/auxx/gui/common/fanoutviewer/pkgIndex.tcl
/usr/cad/syn/auxx/gui/common/tiledview/pkgIndex.tcl
/usr/cad/syn/auxx/gui/common/mrupalette/pkgIndex.tcl
/usr/cad/syn/auxx/gui/common/WindowFrameWork/pkgIndex.tcl
/usr/cad/syn/auxx/gui/common/misc/pkgIndex.tcl
/usr/cad/syn/auxx/gui/common/schematic/pkgIndex.tcl
/usr/cad/syn/auxx/gui/common/qtcl/pkgIndex.tcl
/usr/cad/syn/auxx/gui/common/tq/pkgIndex.tcl
/usr/cad/syn/auxx/gui/common/select/pkgIndex.tcl
/usr/cad/syn/auxx/gui/common/layout/pkgIndex.tcl
/usr/cad/syn/auxx/gui/common/timing/pkgIndex.tcl
/usr/cad/syn/auxx/gui/common/setup/pkgIndex.tcl
/usr/cad/syn/auxx/gui/common/view/pkgIndex.tcl
/usr/cad/syn/auxx/gui/common/tcl-dp/pkgIndex.tcl
/usr/cad/syn/auxx/gui/common/menus/pkgIndex.tcl
/usr/cad/syn/auxx/gui/dv/pkgIndex.tcl
/usr/cad/syn/auxx/tcllib/snps_tcl/snpsUtils/pkgIndex.tcl
/usr/cad/syn/auxx/tcllib/snps_tcl/snpsTest/pkgIndex.tcl
/usr/cad/syn/auxx/tcllib/snps_tcl/snpsTclPro/pkgIndex.tcl
/usr/cad/syn/auxx/tcllib/snps_tcl/pkgIndex.tcl
/usr/cad/syn/auxx/tcllib/lib/tcl8.5/http/pkgIndex.tcl
/usr/cad/syn/auxx/tcllib/lib/tcl8.5/platform/pkgIndex.tcl
/usr/cad/syn/auxx/tcllib/lib/tcl8.5/http1.0/pkgIndex.tcl
/usr/cad/syn/auxx/tcllib/lib/tcl8.5/opt/pkgIndex.tcl
/usr/cad/syn/auxx/tcllib/lib/tcl8.5/dde/pkgIndex.tcl
/usr/cad/syn/auxx/tcllib/lib/tcl8.5/msgcat/pkgIndex.tcl
/usr/cad/syn/auxx/tcllib/lib/tcl8.5/tcltest/pkgIndex.tcl
/usr/cad/syn/auxx/tcllib/lib/tcl8.5/reg/pkgIndex.tcl
/usr/cad/syn/auxx/gui/common/setup/snpsCommonSetup.tcl
/usr/cad/syn/auxx/gui/common/setup/snpsCustomize.tcl
/usr/cad/syn/auxx/gui/common/setup/snpsProcheck.tcl
/usr/cad/syn/auxx/gui/common/qtcl/.synopsys_qtcl.tcl
/usr/cad/syn/auxx/gui/common/highlight/highlight.tcl
/usr/cad/syn/auxx/gui/common/misc/base.tcl
/usr/cad/syn/auxx/gui/common/misc/timing.tcl
/usr/cad/syn/auxx/gui/common/misc/setting.tcl
/usr/cad/syn/auxx/gui/common/misc/preset.tcl
/usr/cad/syn/auxx/gui/common/WindowFrameWork/windowFrameWork.tcl
/usr/cad/syn/auxx/gui/common/WindowFrameWork/skipBusyCursorCmdList.tcl
/usr/cad/syn/auxx/gui/common/docBrowser/docBrowser.tcl
/usr/cad/syn/auxx/tcllib/snps_tcl/snpsUtils/snpsUtils.tcl
/usr/cad/syn/auxx/gui/common/dialogs/ObjectChooser.tcl
/usr/cad/syn/auxx/gui/common/misc/DialogObjectChooser.tcl
/usr/cad/syn/auxx/gui/common/dialogs/HistBinInformation.tcl
/usr/cad/syn/auxx/gui/common/dialogs/HistBin1Information.tcl
/usr/cad/syn/auxx/gui/common/dialogs/BinsOnlyInformation.tcl
/usr/cad/syn/auxx/gui/common/dialogs/FileChooser.tcl
/usr/cad/syn/auxx/gui/common/dialogs/PathPinSimpleInfo.tcl
/usr/cad/syn/auxx/gui/common/dialogs/PathsBasicInfo.tcl
/usr/cad/syn/auxx/gui/common/dialogs/PathsBasicSimpleInfo.tcl
/usr/cad/syn/auxx/gui/common/dialogs/SlctOperationInfo.tcl
/usr/cad/syn/auxx/gui/common/dialogs/ObjectListInfo.tcl
/usr/cad/syn/auxx/gui/common/dialogs/FanInOutInfo.tcl
/usr/cad/syn/auxx/gui/common/dialogs/NumberOfLevelsChooser.tcl
/usr/cad/syn/auxx/gui/common/dialogs/WindowReuseInfo.tcl
/usr/cad/syn/auxx/gui/common/dialogs/ReportOutputOptionInfo.tcl
/usr/cad/syn/auxx/gui/common/setup/snpsCollections.tcl
/usr/cad/syn/auxx/gui/common/dialogs/CompileLinkDesign.tcl
/usr/cad/syn/auxx/gui/common/histogram/DialogEndpointSlack.tcl
/usr/cad/syn/auxx/gui/common/histogram/DialogPathsSlack.tcl
/usr/cad/syn/auxx/gui/common/histogram/DialogNetCapacitance.tcl
/usr/cad/syn/auxx/gui/common/schematic/DialogPathSchematicFanInOut.tcl
/usr/cad/syn/auxx/gui/common/schematic/DialogPathSchematicAddPaths.tcl
/q/vlsidl5/p1/vlsidl/projects/hcdc/dc/yh_cam/tech_char/cam/65nm/dc/dsyn.tcl
/q/vlsidl5/p1/vlsidl/projects/hcdc/dc/yh_cam/tech_char/cam/mux.sv
/q/vlsidl5/p1/vlsidl/projects/hcdc/dc/yh_cam/tech_char/cam/ff.sv
/q/vlsidl5/p1/vlsidl/projects/hcdc/dc/yh_cam/tech_char/cam/priority_encoder.sv
/q/vlsidl5/p1/vlsidl/projects/hcdc/dc/yh_cam/tech_char/cam/cam.sv
/q/vlsidl5/p1/vlsidl/projects/hcdc/dc/yh_cam/tech_char/cam/cam_word.sv
/q/vlsidl5/p1/vlsidl/projects/hcdc/dc/yh_cam/tech_char/cam/decoder_5_32.sv
/vlsidl/dk/TSMC/tcbn65gplus/TSMCHOME/digital/Front_End/timing_power_noise/CCS/tcbn65gplus_200a/tcbn65gplustc_ccs.db
/usr/cad/syn/libraries/syn/dw_foundation.sldb
/usr/cad/syn/libraries/syn/gtech.db
/usr/cad/syn/libraries/syn/standard.sldb
/vlsidl/dk/TSMC/tcbn65gplus/TSMCHOME/digital/Front_End/timing_power_noise/CCS/tcbn65gplus_200a/tcbn65gplustc_ccs.db
/q/vlsidl5/p1/vlsidl/projects/hcdc/dc/yh_cam/tech_char/cam/65nm/dc/alib-52/tcbn65gplustc_ccs.db.alib
/q/vlsidl5/p1/vlsidl/projects/hcdc/dc/yh_cam/tech_char/cam/65nm/dc/alib-52/alib_analyze_libs.tcl.e
/vlsidl/dk/TSMC/tcbn65gplus/TSMCHOME/digital/Front_End/timing_power_noise/CCS/tcbn65gplus_200a/tcbn65gplustc_ccs.db
/q/vlsidl5/p1/vlsidl/projects/hcdc/dc/yh_cam/tech_char/cam/65nm/dc/alib-52/tcbn65gplustc_ccs.db.alib
/vlsidl/dk/TSMC/tcbn65gplus/TSMCHOME/digital/Front_End/timing_power_noise/CCS/tcbn65gplus_200a/tcbn65gplustc_ccs.db
/q/vlsidl5/p1/vlsidl/projects/hcdc/dc/yh_cam/tech_char/cam/65nm/dc/alib-52/tcbn65gplustc_ccs.db.alib
