Loading db file '/sim/synopsys/SAED_EDK90nm/Digital_Standard_Cell_Library/synopsys/models/saed90nm_typ.db'
Information: Propagating switching activity (low effort zero delay simulation). (PWR-6)
Warning: Design has unannotated primary inputs. (PWR-414)
Warning: Design has unannotated sequential cell outputs. (PWR-415)
 
****************************************
Report : power
        -analysis_effort low
Design : cam
Version: F-2011.09-SP2
Date   : Thu Oct  9 00:09:29 2014
****************************************


Library(s) Used:

    saed90nm_typ (File: /sim/synopsys/SAED_EDK90nm/Digital_Standard_Cell_Library/synopsys/models/saed90nm_typ.db)


Operating Conditions: TYPICAL   Library: saed90nm_typ
Wire Load Model Mode: enclosed

Design        Wire Load Model            Library
------------------------------------------------
cam                    ForQA             saed90nm_typ
mux                    8000              saed90nm_typ


Global Operating Voltage = 1.2  
Power-specific unit information :
    Voltage Units = 1V
    Capacitance Units = 1.000000ff
    Time Units = 1ns
    Dynamic Power Units = 1uW    (derived from V,C,T units)
    Leakage Power Units = 1pW


  Cell Internal Power  = 574.2373 uW   (66%)
  Net Switching Power  = 301.4802 uW   (34%)
                         ---------
Total Dynamic Power    = 875.7175 uW  (100%)

Cell Leakage Power     = 294.4132 uW


                 Internal         Switching           Leakage            Total
Power Group      Power            Power               Power              Power   (   %    )  Attrs
--------------------------------------------------------------------------------------------------
io_pad             0.0000            0.0000            0.0000            0.0000  (   0.00%)
memory             0.0000            0.0000            0.0000            0.0000  (   0.00%)
black_box          0.0000            0.0000            0.0000            0.0000  (   0.00%)
clock_network      0.0000            0.0000            0.0000            0.0000  (   0.00%)
register       -2.4124e+01            9.3408        1.3275e+08          117.9623 (  10.08%)
sequential         0.0000            0.0000            0.0000            0.0000  (   0.00%)
combinational    598.3611          292.1400        1.6167e+08        1.0522e+03  (  89.92%)
--------------------------------------------------------------------------------------------------
Total            574.2376 uW       301.4809 uW     2.9441e+08 pW     1.1701e+03 uW
1
