 
****************************************
Report : design
Design : cam
Version: F-2011.09-SP2
Date   : Thu Oct  9 00:09:29 2014
****************************************

Design allows ideal nets on clock nets.

Library(s) Used:

    saed90nm_typ (File: /sim/synopsys/SAED_EDK90nm/Digital_Standard_Cell_Library/synopsys/models/saed90nm_typ.db)

Local Link Library:

    {/sim/synopsys/SAED_EDK90nm/Digital_Standard_Cell_Library/synopsys/models/saed90nm_typ.db}

Flip-Flop Types:

    No flip-flop types specified.

Latch Types:

    No latch types specified.

Operating Conditions:


    Operating Condition Name : TYPICAL
    Library : saed90nm_typ
    Process :   1.00
    Temperature :  25.00
    Voltage :   1.20
    Interconnect Model : balanced_tree

Wire Loading Model:

    Selected manually by the user.

Name           :   ForQA
Location       :   saed90nm_typ
Resistance     :   0.002067
Capacitance    :   0.026724
Area           :   0.01
Slope          :   30.2854
Fanout   Length   Points Average Cap Std Deviation
--------------------------------------------------------------
     1     8.28
     2    18.49
     3    29.35
     4    40.92
     5    53.23
     6    66.36
     7    80.36
     8    95.27
     9   111.17
    10   128.09
    11   146.10
    12   165.26
    13   185.61
    14   207.22
    15   230.13
    16   254.41
    17   280.11
    18   307.28
    19   335.98
    20   366.27



Wire Loading Model Mode: enclosed.

Timing Ranges:

    No timing ranges specified.

Pin Input Delays:

    None specified.

Pin Output Delays:

    None specified.

Disabled Timing Arcs:

    No arcs disabled.

Required Licenses:

    DesignWare

Design Parameters:

    None specified.
1
